This is pdfTeX, Version 3.14159265-2.6-1.40.16 (MiKTeX 2.9 64-bit) (preloaded format=pdflatex 2015.9.22)  4 FEB 2016 07:52
entering extended mode
**document.tex
(document.tex
LaTeX2e <2015/01/01> patch level 2
Babel <3.9m> and hyphenation patterns for 69 languages loaded.
("C:\Program Files\MiKTeX 2.9\tex\latex\base\article.cls"
Document Class: article 2014/09/29 v1.4h Standard LaTeX document class
("C:\Program Files\MiKTeX 2.9\tex\latex\base\size12.clo"
File: size12.clo 2014/09/29 v1.4h Standard LaTeX file (size option)
)
\c@part=\count79
\c@section=\count80
\c@subsection=\count81
\c@subsubsection=\count82
\c@paragraph=\count83
\c@subparagraph=\count84
\c@figure=\count85
\c@table=\count86
\abovecaptionskip=\skip41
\belowcaptionskip=\skip42
\bibindent=\dimen102
)
("C:\Program Files\MiKTeX 2.9\tex\latex\geometry\geometry.sty"
Package: geometry 2010/09/12 v5.6 Page Geometry

("C:\Program Files\MiKTeX 2.9\tex\latex\graphics\keyval.sty"
Package: keyval 2014/10/28 v1.15 key=value parser (DPC)
\KV@toks@=\toks14
)
("C:\Program Files\MiKTeX 2.9\tex\generic\oberdiek\ifpdf.sty"
Package: ifpdf 2011/01/30 v2.3 Provides the ifpdf switch (HO)
Package ifpdf Info: pdfTeX in PDF mode is detected.
)
("C:\Program Files\MiKTeX 2.9\tex\generic\oberdiek\ifvtex.sty"
Package: ifvtex 2010/03/01 v1.5 Detect VTeX and its facilities (HO)
Package ifvtex Info: VTeX not detected.
)
("C:\Program Files\MiKTeX 2.9\tex\generic\ifxetex\ifxetex.sty"
Package: ifxetex 2010/09/12 v0.6 Provides ifxetex conditional
)
\Gm@cnth=\count87
\Gm@cntv=\count88
\c@Gm@tempcnt=\count89
\Gm@bindingoffset=\dimen103
\Gm@wd@mp=\dimen104
\Gm@odd@mp=\dimen105
\Gm@even@mp=\dimen106
\Gm@layoutwidth=\dimen107
\Gm@layoutheight=\dimen108
\Gm@layouthoffset=\dimen109
\Gm@layoutvoffset=\dimen110
\Gm@dimlist=\toks15

("C:\Program Files\MiKTeX 2.9\tex\latex\geometry\geometry.cfg"))
("C:\Program Files\MiKTeX 2.9\tex\latex\graphics\graphicx.sty"
Package: graphicx 2014/10/28 v1.0g Enhanced LaTeX Graphics (DPC,SPQR)

("C:\Program Files\MiKTeX 2.9\tex\latex\graphics\graphics.sty"
Package: graphics 2014/10/28 v1.0p Standard LaTeX Graphics (DPC,SPQR)

("C:\Program Files\MiKTeX 2.9\tex\latex\graphics\trig.sty"
Package: trig 1999/03/16 v1.09 sin cos tan (DPC)
)
("C:\Program Files\MiKTeX 2.9\tex\latex\00miktex\graphics.cfg"
File: graphics.cfg 2007/01/18 v1.5 graphics configuration of teTeX/TeXLive
)
Package graphics Info: Driver file: pdftex.def on input line 94.

("C:\Program Files\MiKTeX 2.9\tex\latex\pdftex-def\pdftex.def"
File: pdftex.def 2011/05/27 v0.06d Graphics/color for pdfTeX

("C:\Program Files\MiKTeX 2.9\tex\generic\oberdiek\infwarerr.sty"
Package: infwarerr 2010/04/08 v1.3 Providing info/warning/error messages (HO)
)
("C:\Program Files\MiKTeX 2.9\tex\generic\oberdiek\ltxcmds.sty"
Package: ltxcmds 2011/11/09 v1.22 LaTeX kernel commands for general use (HO)
)
\Gread@gobject=\count90
))
\Gin@req@height=\dimen111
\Gin@req@width=\dimen112
)
("C:\Program Files\MiKTeX 2.9\tex\latex\graphics\epsfig.sty"
Package: epsfig 1999/02/16 v1.7a (e)psfig emulation (SPQR)
\epsfxsize=\dimen113
\epsfysize=\dimen114
)
("C:\Program Files\MiKTeX 2.9\tex\latex\mathtools\mathtools.sty"
Package: mathtools 2015/11/12 v1.18 mathematical typesetting tools

("C:\Program Files\MiKTeX 2.9\tex\latex\tools\calc.sty"
Package: calc 2014/10/28 v4.3 Infix arithmetic (KKT,FJ)
\calc@Acount=\count91
\calc@Bcount=\count92
\calc@Adimen=\dimen115
\calc@Bdimen=\dimen116
\calc@Askip=\skip43
\calc@Bskip=\skip44
LaTeX Info: Redefining \setlength on input line 80.
LaTeX Info: Redefining \addtolength on input line 81.
\calc@Ccount=\count93
\calc@Cskip=\skip45
)
("C:\Program Files\MiKTeX 2.9\tex\latex\mathtools\mhsetup.sty"
Package: mhsetup 2010/01/21 v1.2a programming setup (MH)
)
("C:\Program Files\MiKTeX 2.9\tex\latex\amsmath\amsmath.sty"
Package: amsmath 2013/01/14 v2.14 AMS math features
\@mathmargin=\skip46

For additional information on amsmath, use the `?' option.
("C:\Program Files\MiKTeX 2.9\tex\latex\amsmath\amstext.sty"
Package: amstext 2000/06/29 v2.01

("C:\Program Files\MiKTeX 2.9\tex\latex\amsmath\amsgen.sty"
File: amsgen.sty 1999/11/30 v2.0
\@emptytoks=\toks16
\ex@=\dimen117
))
("C:\Program Files\MiKTeX 2.9\tex\latex\amsmath\amsbsy.sty"
Package: amsbsy 1999/11/29 v1.2d
\pmbraise@=\dimen118
)
("C:\Program Files\MiKTeX 2.9\tex\latex\amsmath\amsopn.sty"
Package: amsopn 1999/12/14 v2.01 operator names
)
\inf@bad=\count94
LaTeX Info: Redefining \frac on input line 210.
\uproot@=\count95
\leftroot@=\count96
LaTeX Info: Redefining \overline on input line 306.
\classnum@=\count97
\DOTSCASE@=\count98
LaTeX Info: Redefining \ldots on input line 378.
LaTeX Info: Redefining \dots on input line 381.
LaTeX Info: Redefining \cdots on input line 466.
\Mathstrutbox@=\box26
\strutbox@=\box27
\big@size=\dimen119
LaTeX Font Info:    Redeclaring font encoding OML on input line 566.
LaTeX Font Info:    Redeclaring font encoding OMS on input line 567.
\macc@depth=\count99
\c@MaxMatrixCols=\count100
\dotsspace@=\muskip10
\c@parentequation=\count101
\dspbrk@lvl=\count102
\tag@help=\toks17
\row@=\count103
\column@=\count104
\maxfields@=\count105
\andhelp@=\toks18
\eqnshift@=\dimen120
\alignsep@=\dimen121
\tagshift@=\dimen122
\tagwidth@=\dimen123
\totwidth@=\dimen124
\lineht@=\dimen125
\@envbody=\toks19
\multlinegap=\skip47
\multlinetaggap=\skip48
\mathdisplay@stack=\toks20
LaTeX Info: Redefining \[ on input line 2665.
LaTeX Info: Redefining \] on input line 2666.
)
LaTeX Info: Thecontrolsequence`\('isalreadyrobust on input line 129.
LaTeX Info: Thecontrolsequence`\)'isalreadyrobust on input line 129.
LaTeX Info: Thecontrolsequence`\['isalreadyrobust on input line 129.
LaTeX Info: Thecontrolsequence`\]'isalreadyrobust on input line 129.
\g_MT_multlinerow_int=\count106
\l_MT_multwidth_dim=\dimen126
\origjot=\skip49
\l_MT_shortvdotswithinadjustabove_dim=\dimen127
\l_MT_shortvdotswithinadjustbelow_dim=\dimen128
\l_MT_above_intertext_sep=\dimen129
\l_MT_below_intertext_sep=\dimen130
\l_MT_above_shortintertext_sep=\dimen131
\l_MT_below_shortintertext_sep=\dimen132
)
("C:\Program Files\MiKTeX 2.9\tex\latex\amsfonts\amssymb.sty"
Package: amssymb 2013/01/14 v3.01 AMS font symbols

("C:\Program Files\MiKTeX 2.9\tex\latex\amsfonts\amsfonts.sty"
Package: amsfonts 2013/01/14 v3.01 Basic AMSFonts support
\symAMSa=\mathgroup4
\symAMSb=\mathgroup5
LaTeX Font Info:    Overwriting math alphabet `\mathfrak' in version `bold'
(Font)                  U/euf/m/n --> U/euf/b/n on input line 106.
))
("C:\Program Files\MiKTeX 2.9\tex\latex\amscls\amsthm.sty"
Package: amsthm 2015/03/04 v2.20.2
\thm@style=\toks21
\thm@bodyfont=\toks22
\thm@headfont=\toks23
\thm@notefont=\toks24
\thm@headpunct=\toks25
\thm@preskip=\skip50
\thm@postskip=\skip51
\thm@headsep=\skip52
\dth@everypar=\toks26
)
("C:\Program Files\MiKTeX 2.9\tex\latex\booktabs\booktabs.sty"
Package: booktabs 2005/04/14 v1.61803 publication quality tables
\heavyrulewidth=\dimen133
\lightrulewidth=\dimen134
\cmidrulewidth=\dimen135
\belowrulesep=\dimen136
\belowbottomsep=\dimen137
\aboverulesep=\dimen138
\abovetopsep=\dimen139
\cmidrulesep=\dimen140
\cmidrulekern=\dimen141
\defaultaddspace=\dimen142
\@cmidla=\count107
\@cmidlb=\count108
\@aboverulesep=\dimen143
\@belowrulesep=\dimen144
\@thisruleclass=\count109
\@lastruleclass=\count110
\@thisrulewidth=\dimen145
)
("C:\Program Files\MiKTeX 2.9\tex\latex\stmaryrd\stmaryrd.sty"
Package: stmaryrd 1994/03/03 St Mary's Road symbol package
\symstmry=\mathgroup6
LaTeX Font Info:    Overwriting symbol font `stmry' in version `bold'
(Font)                  U/stmry/m/n --> U/stmry/b/n on input line 89.
)
("C:\Program Files\MiKTeX 2.9\tex\latex\url\url.sty"
\Urlmuskip=\muskip11
Package: url 2013/09/16  ver 3.4  Verb mode for urls, etc.
)
("C:\Program Files\MiKTeX 2.9\tex\latex\tools\longtable.sty"
Package: longtable 2014/10/28 v4.11 Multi-page Table package (DPC)
\LTleft=\skip53
\LTright=\skip54
\LTpre=\skip55
\LTpost=\skip56
\LTchunksize=\count111
\LTcapwidth=\dimen146
\LT@head=\box28
\LT@firsthead=\box29
\LT@foot=\box30
\LT@lastfoot=\box31
\LT@cols=\count112
\LT@rows=\count113
\c@LT@tables=\count114
\c@LT@chunks=\count115
\LT@p@ftn=\toks27
)
("C:\Program Files\MiKTeX 2.9\tex\latex\rotating\rotating.sty"
Package: rotating 2009/03/28 v2.16a rotated objects in LaTeX

("C:\Program Files\MiKTeX 2.9\tex\latex\base\ifthen.sty"
Package: ifthen 2014/09/29 v1.1c Standard LaTeX ifthen package (DPC)
)
\c@r@tfl@t=\count116
\rotFPtop=\skip57
\rotFPbot=\skip58
\rot@float@box=\box32
\rot@mess@toks=\toks28
)
("C:\Program Files\MiKTeX 2.9\tex\latex\base\inputenc.sty"
Package: inputenc 2015/03/17 v1.2c Input encoding file
\inpenc@prehook=\toks29
\inpenc@posthook=\toks30

("C:\Program Files\MiKTeX 2.9\tex\latex\base\cp1250.def"
File: cp1250.def 2015/03/17 v1.2c Input encoding file
))
("C:\Program Files\MiKTeX 2.9\tex\latex\base\fontenc.sty"
Package: fontenc 2005/09/27 v1.99g Standard LaTeX package

("C:\Program Files\MiKTeX 2.9\tex\latex\base\t1enc.def"
File: t1enc.def 2005/09/27 v1.99g Standard LaTeX file
LaTeX Font Info:    Redeclaring font encoding T1 on input line 48.
))
("C:\Program Files\MiKTeX 2.9\tex\generic\babel\babel.sty"
Package: babel 2015/08/03 3.9m The Babel package

*************************************
* Local config file bblopts.cfg used
*
("C:\Program Files\MiKTeX 2.9\tex\latex\00miktex\bblopts.cfg"
File: bblopts.cfg 2006/07/31 v1.0 MiKTeX 'babel' configuration
)
("C:\Program Files\MiKTeX 2.9\tex\latex\babel-polish\polish.ldf"
Language: polish 2005/03/31 v1.2l Polish support from the babel system

("C:\Program Files\MiKTeX 2.9\tex\generic\babel\babel.def"
File: babel.def 2015/08/03 3.9m Babel common definitions
\babel@savecnt=\count117
\U@D=\dimen147
)
Package babel Info: Making " an active character on input line 83.
\pl@left=\dimen148
\pl@down=\dimen149
\pl@right=\dimen150
\pl@temp=\dimen151
))
("C:\Program Files\MiKTeX 2.9\tex\latex\pslatex\pslatex.sty"
Package: pslatex 1996/07/24 v1.2 pslatex emulation (DPC)
LaTeX Font Info:    Redeclaring symbol font `operators' on input line 65.
LaTeX Font Info:    Overwriting symbol font `operators' in version `normal'
(Font)                  OT1/cmr/m/n --> OT1/ptmcm/m/n on input line 65.
LaTeX Font Info:    Overwriting symbol font `operators' in version `bold'
(Font)                  OT1/cmr/bx/n --> OT1/ptmcm/m/n on input line 65.
LaTeX Font Info:    Redeclaring symbol font `letters' on input line 66.
LaTeX Font Info:    Overwriting symbol font `letters' in version `normal'
(Font)                  OML/cmm/m/it --> OML/ptmcm/m/it on input line 66.
LaTeX Font Info:    Overwriting symbol font `letters' in version `bold'
(Font)                  OML/cmm/b/it --> OML/ptmcm/m/it on input line 66.
LaTeX Font Info:    Redeclaring symbol font `symbols' on input line 67.
LaTeX Font Info:    Overwriting symbol font `symbols' in version `normal'
(Font)                  OMS/cmsy/m/n --> OMS/pzccm/m/n on input line 67.
LaTeX Font Info:    Overwriting symbol font `symbols' in version `bold'
(Font)                  OMS/cmsy/b/n --> OMS/pzccm/m/n on input line 67.
LaTeX Font Info:    Redeclaring symbol font `largesymbols' on input line 68.
LaTeX Font Info:    Overwriting symbol font `largesymbols' in version `normal'
(Font)                  OMX/cmex/m/n --> OMX/psycm/m/n on input line 68.
LaTeX Font Info:    Overwriting symbol font `largesymbols' in version `bold'
(Font)                  OMX/cmex/m/n --> OMX/psycm/m/n on input line 68.
\symbold=\mathgroup7
\symitalic=\mathgroup8
LaTeX Font Info:    Redeclaring math alphabet \mathbf on input line 74.
LaTeX Font Info:    Overwriting math alphabet `\mathbf' in version `normal'
(Font)                  OT1/cmr/bx/n --> OT1/ptm/bx/n on input line 74.
LaTeX Font Info:    Overwriting math alphabet `\mathbf' in version `bold'
(Font)                  OT1/cmr/bx/n --> OT1/ptm/bx/n on input line 74.
LaTeX Font Info:    Redeclaring math alphabet \mathit on input line 75.
LaTeX Font Info:    Overwriting math alphabet `\mathit' in version `normal'
(Font)                  OT1/cmr/m/it --> OT1/ptm/m/it on input line 75.
LaTeX Font Info:    Overwriting math alphabet `\mathit' in version `bold'
(Font)                  OT1/cmr/bx/it --> OT1/ptm/m/it on input line 75.
)
("C:\Program Files\MiKTeX 2.9\tex\latex\ulem\ulem.sty"
\UL@box=\box33
\UL@hyphenbox=\box34
\UL@skip=\skip59
\UL@hook=\toks31
\UL@height=\dimen152
\UL@pe=\count118
\UL@pixel=\dimen153
\ULC@box=\box35
Package: ulem 2012/05/18
\ULdepth=\dimen154
)
("C:\Program Files\MiKTeX 2.9\tex\latex\lipsum\lipsum.sty"
Package: lipsum 2014/07/27 v1.3 150 paragraphs of Lorem Ipsum dummy text
\c@lips@count=\count119
)
("C:\Program Files\MiKTeX 2.9\tex\latex\listings\listings.sty"
\lst@mode=\count120
\lst@gtempboxa=\box36
\lst@token=\toks32
\lst@length=\count121
\lst@currlwidth=\dimen155
\lst@column=\count122
\lst@pos=\count123
\lst@lostspace=\dimen156
\lst@width=\dimen157
\lst@newlines=\count124
\lst@lineno=\count125
\lst@maxwidth=\dimen158

("C:\Program Files\MiKTeX 2.9\tex\latex\listings\lstmisc.sty"
File: lstmisc.sty 2015/06/04 1.6 (Carsten Heinz)
\c@lstnumber=\count126
\lst@skipnumbers=\count127
\lst@framebox=\box37
)
("C:\Program Files\MiKTeX 2.9\tex\latex\listings\listings.cfg"
File: listings.cfg 2015/06/04 1.6 listings configuration
))
Package: listings 2015/06/04 1.6 (Carsten Heinz)

("C:\Program Files\MiKTeX 2.9\tex\latex\ltxmisc\Here.sty")
("C:\Program Files\MiKTeX 2.9\tex\latex\graphics\color.sty"
Package: color 2014/10/28 v1.1a Standard LaTeX Color (DPC)

("C:\Program Files\MiKTeX 2.9\tex\latex\00miktex\color.cfg"
File: color.cfg 2007/01/18 v1.5 color configuration of teTeX/TeXLive
)
Package color Info: Driver file: pdftex.def on input line 142.
)
("C:\Program Files\MiKTeX 2.9\tex\latex\algorithm2e\algorithm2e.sty"
Package: algorithm2e 2013/01/06 v5.00 algorithms environments
\c@AlgoLine=\count128
\algocf@hangindent=\skip60

("C:\Program Files\MiKTeX 2.9\tex\latex\tools\xspace.sty"
Package: xspace 2014/10/28 v1.13 Space after command names (DPC,MH)
)
("C:\Program Files\MiKTeX 2.9\tex\latex\ltxmisc\relsize.sty"
Package: relsize 2003/07/04 ver 3.1
)
********************************************************
Package `algorithm2e' Release 5.1 -- october 19 2015 --
- algorithm2e-announce@lirmm.fr mailing list for announcement about releases
- algorithm2e-discussion@lirmm.fr mailing list for discussion about package
subscribe by emailing sympa@lirmm.fr with 'subscribe <list> <firstname name>'
- Author: Christophe Fiorio (christophe.fiorio@umontpellier.fr)
********************************************************
\skiptotal=\skip61
\skiplinenumber=\skip62
\skiprule=\skip63
\skiphlne=\skip64
\skiptext=\skip65
\skiplength=\skip66
\algomargin=\skip67
\skipalgocfslide=\skip68
\algowidth=\dimen159
\inoutsize=\dimen160
\inoutindent=\dimen161
\interspacetitleruled=\dimen162
\interspacealgoruled=\dimen163
\interspacetitleboxruled=\dimen164
\algocf@ruledwidth=\skip69
\algocf@inoutbox=\box38
\algocf@inputbox=\box39
\AlCapSkip=\skip70
\AlCapHSkip=\skip71
\algoskipindent=\skip72
\algocf@nlbox=\box40
\algocf@hangingbox=\box41
\algocf@untilbox=\box42
\algocf@skipuntil=\skip73
\algocf@capbox=\box43
\algoheightruledefault=\skip74
\algoheightrule=\skip75
\algotitleheightruledefault=\skip76
\algotitleheightrule=\skip77
\c@algocfline=\count129
\c@algocfproc=\count130
\c@algocf=\count131
\algocf@algoframe=\box44
\algocf@algobox=\box45
)
\c@theorem=\count132
\c@lemma=\count133
\c@example=\count134
\c@corollary=\count135
\c@definition=\count136
\@indexfile=\write3

Writing index file document.idx
(document.aux)
LaTeX Font Info:    Checking defaults for OML/cmm/m/it on input line 87.
LaTeX Font Info:    ... okay on input line 87.
LaTeX Font Info:    Checking defaults for T1/cmr/m/n on input line 87.
LaTeX Font Info:    ... okay on input line 87.
LaTeX Font Info:    Checking defaults for OT1/cmr/m/n on input line 87.
LaTeX Font Info:    ... okay on input line 87.
LaTeX Font Info:    Checking defaults for OMS/pzccm/m/n on input line 87.
LaTeX Font Info:    Try loading font information for OMS+pzccm on input line 87
.
 ("C:\Program Files\MiKTeX 2.9\tex\latex\psnfss\omspzccm.fd"
File: omspzccm.fd 2000/01/03 Fontinst v1.801 font definitions for OMS/pzccm.
)
LaTeX Font Info:    ... okay on input line 87.
LaTeX Font Info:    Checking defaults for OMX/cmex/m/n on input line 87.
LaTeX Font Info:    ... okay on input line 87.
LaTeX Font Info:    Checking defaults for U/cmr/m/n on input line 87.
LaTeX Font Info:    ... okay on input line 87.

*geometry* driver: auto-detecting
*geometry* detected driver: pdftex
*geometry* verbose mode - [ preamble ] result:
* driver: pdftex
* paper: <default>
* layout: <same size as paper>
* layoutoffset:(h,v)=(0.0pt,0.0pt)
* modes: 
* h-part:(L,W,R)=(92.14519pt, 430.00462pt, 92.14519pt)
* v-part:(T,H,B)=(95.39737pt, 617.32347pt, 82.24915pt)
* \paperwidth=614.295pt
* \paperheight=794.96999pt
* \textwidth=400.0pt
* \textheight=617.32347pt
* \oddsidemargin=19.8752pt
* \evensidemargin=19.8752pt
* \topmargin=-13.87262pt
* \headheight=12.0pt
* \headsep=25.0pt
* \topskip=12.0pt
* \footskip=30.0pt
* \marginparwidth=44.0pt
* \marginparsep=10.0pt
* \columnsep=10.0pt
* \skip\footins=10.8pt plus 4.0pt minus 2.0pt
* \hoffset=0.0pt
* \voffset=0.0pt
* \mag=1000
* \@twocolumnfalse
* \@twosidefalse
* \@mparswitchfalse
* \@reversemarginfalse
* (1in=72.27pt=25.4mm, 1cm=28.453pt)

("C:\Program Files\MiKTeX 2.9\tex\context\base\supp-pdf.mkii"
[Loading MPS to PDF converter (version 2006.09.02).]
\scratchcounter=\count137
\scratchdimen=\dimen165
\scratchbox=\box46
\nofMPsegments=\count138
\nofMParguments=\count139
\everyMPshowfont=\toks33
\MPscratchCnt=\count140
\MPscratchDim=\dimen166
\MPnumerator=\count141
\makeMPintoPDFobject=\count142
\everyMPtoPDFconversion=\toks34
)
\c@lstlisting=\count143
LaTeX Font Info:    Font shape `T1/ptm/bx/n' in size <14.4> not available
(Font)              Font shape `T1/ptm/b/n' tried instead on input line 95.
LaTeX Font Info:    Font shape `T1/ptm/bx/sc' in size <14.4> not available
(Font)              Font shape `T1/ptm/b/sc' tried instead on input line 95.
LaTeX Font Info:    Font shape `T1/ptm/bx/n' in size <20.74> not available
(Font)              Font shape `T1/ptm/b/n' tried instead on input line 98.
LaTeX Font Info:    Font shape `T1/ptm/bx/sc' in size <20.74> not available
(Font)              Font shape `T1/ptm/b/sc' tried instead on input line 98.
 [1

{C:/Users/falco/AppData/Local/MiKTeX/2.9/pdftex/config/pdftex.map}]
LaTeX Font Info:    Font shape `T1/ptm/bx/n' in size <17.28> not available
(Font)              Font shape `T1/ptm/b/n' tried instead on input line 115.

(document.toc
LaTeX Font Info:    Font shape `T1/ptm/bx/n' in size <12> not available
(Font)              Font shape `T1/ptm/b/n' tried instead on input line 3.
LaTeX Font Info:    Try loading font information for OT1+ptmcm on input line 5.

 ("C:\Program Files\MiKTeX 2.9\tex\latex\psnfss\ot1ptmcm.fd"
File: ot1ptmcm.fd 2000/01/03 Fontinst v1.801 font definitions for OT1/ptmcm.
)
LaTeX Font Info:    Try loading font information for OML+ptmcm on input line 5.


("C:\Program Files\MiKTeX 2.9\tex\latex\psnfss\omlptmcm.fd"
File: omlptmcm.fd 2000/01/03 Fontinst v1.801 font definitions for OML/ptmcm.
)
LaTeX Font Info:    Try loading font information for OMX+psycm on input line 5.


("C:\Program Files\MiKTeX 2.9\tex\latex\psnfss\omxpsycm.fd"
File: omxpsycm.fd 2000/01/03 Fontinst v1.801 font definitions for OMX/psycm.
)
LaTeX Font Info:    Try loading font information for U+msa on input line 5.

("C:\Program Files\MiKTeX 2.9\tex\latex\amsfonts\umsa.fd"
File: umsa.fd 2013/01/14 v3.01 AMS symbols A
)
LaTeX Font Info:    Try loading font information for U+msb on input line 5.

("C:\Program Files\MiKTeX 2.9\tex\latex\amsfonts\umsb.fd"
File: umsb.fd 2013/01/14 v3.01 AMS symbols B
)
LaTeX Font Info:    Try loading font information for U+stmry on input line 5.

("C:\Program Files\MiKTeX 2.9\tex\latex\stmaryrd\ustmry.fd")
LaTeX Font Info:    Font shape `OT1/ptm/bx/n' in size <12> not available
(Font)              Font shape `OT1/ptm/b/n' tried instead on input line 5.
LaTeX Font Info:    Font shape `OT1/ptm/bx/n' in size <9> not available
(Font)              Font shape `OT1/ptm/b/n' tried instead on input line 5.
LaTeX Font Info:    Font shape `OT1/ptm/bx/n' in size <7> not available
(Font)              Font shape `OT1/ptm/b/n' tried instead on input line 5.
 [1])
\tf@toc=\write4
 [2]
(document.lof)
\tf@lof=\write5
 [3]
LaTeX Font Info:    Font shape `OMS/ptm/m/n' in size <12> not available
(Font)              Font shape `OMS/pzccm/m/n' tried instead on input line 136.

 [4] [5] [6] [7]
<system.pdf, id=32, 597.73312pt x 580.41844pt>
File: system.pdf Graphic file (type pdf)
 <use system.pdf>
Package pdftex.def Info: system.pdf used on input line 224.
(pdftex.def)             Requested size: 320.00122pt x 310.73778pt.
 [8 <./system.pdf>]
Underfull \hbox (badness 10000) in paragraph at lines 243--244
[][]\T1/ptm/m/n/12 Przechowywanie \T1/pcr/m/n/12 konfiguracji klienta \T1/ptm/m
/n/12 w lo-kal-nym \T1/pcr/m/n/12 pliku
 []

[9] [10] <useCase.pdf, id=57, 596.98032pt x 844.65562pt>
File: useCase.pdf Graphic file (type pdf)
 <use useCase.pdf>
Package pdftex.def Info: useCase.pdf used on input line 270.
(pdftex.def)             Requested size: 320.00122pt x 452.76915pt.

[11 <./useCase.pdf>]
LaTeX Font Info:    Font shape `T1/ptm/bx/it' in size <12> not available
(Font)              Font shape `T1/ptm/b/it' tried instead on input line 280.

Underfull \hbox (badness 10000) in paragraph at lines 278--314

 []


Underfull \hbox (badness 10000) in paragraph at lines 278--314

 []

[12]
Underfull \hbox (badness 10000) in paragraph at lines 317--353

 []


Underfull \hbox (badness 10000) in paragraph at lines 317--353

 []


Overfull \hbox (10.33858pt too wide) in paragraph at lines 317--353
[] |
 []

[13]
Underfull \hbox (badness 10000) in paragraph at lines 356--383

 []


Underfull \hbox (badness 10000) in paragraph at lines 356--383

 []


Overfull \hbox (10.33858pt too wide) in paragraph at lines 356--383
[] |
 []

[14] [15] [16] [17] [18] <jee.png, id=100, 427.5975pt x 474.77374pt>
File: jee.png Graphic file (type png)

<use jee.png>
Package pdftex.def Info: jee.png used on input line 476.
(pdftex.def)             Requested size: 320.00122pt x 355.30428pt.
 [19 <./jee.png>] [20]
<jeeContainer.png, id=108, 456.70625pt x 456.70625pt>
File: jeeContainer.png Graphic file (type png)
 <use jeeContainer.png>
Package pdftex.def Info: jeeContainer.png used on input line 511.
(pdftex.def)             Requested size: 320.00122pt x 320.01274pt.

[21 <./jeeContainer.png>] [22] [23] [24] [25]
<jaxrsPipeline.png, id=126, 794.97pt x 614.295pt>
File: jaxrsPipeline.png Graphic file (type png)
 <use jaxrsPipeline.png>
Package pdftex.def Info: jaxrsPipeline.png used on input line 602.
(pdftex.def)             Requested size: 320.00122pt x 247.27899pt.

[26 <./jaxrsPipeline.png>] [27] [28]
Underfull \hbox (badness 10000) in paragraph at lines 722--723
[][]$\OML/ptmcm/m/it/12 h\OT1/ptmcm/m/n/12 (\OML/ptmcm/m/it/12 u; e[]; N[]\OT1/
ptmcm/m/n/12 )[]([]\OML/ptmcm/m/it/12 N[]\OT1/ptmcm/m/n/12 )$ \T1/ptm/m/n/12 to
 skrót \T1/pcr/m/n/12 klucza publicznego u»ytkownika
 []


Underfull \hbox (badness 1881) in paragraph at lines 744--746
\T1/ptm/m/n/12 rów-na-nie tej war-to-±ci z $\OT1/ptmcm/m/n/12 (\OML/ptmcm/m/it/
12 h\OT1/ptmcm/m/n/12 (\OML/ptmcm/m/it/12 p\OT1/ptmcm/m/n/12 )[])[]([]\OML/ptmc
m/m/it/12 N[]\OT1/ptmcm/m/n/12 )$\T1/ptm/m/n/12 , gdzie $\OT1/ptmcm/m/n/12 (\OM
L/ptmcm/m/it/12 h\OT1/ptmcm/m/n/12 (\OML/ptmcm/m/it/12 p\OT1/ptmcm/m/n/12 )[])[
]([]\OML/ptmcm/m/it/12 N[]\OT1/ptmcm/m/n/12 )$ \T1/ptm/m/n/12 to
 []

[29]
Underfull \hbox (badness 10000) in paragraph at lines 760--761
[][]\T1/pcr/m/n/12 Plik \T1/ptm/m/n/12 mo»e by¢ rów-nierz zwe-ry-fi-ko-wany bez
 \T1/pcr/m/n/12 certyfikatu klucza
 []


Underfull \hbox (badness 1472) in paragraph at lines 771--772
[][]\T1/ptm/m/n/12 Oblicz $\OML/ptmcm/m/it/12 N \OT1/ptmcm/m/n/12 = \OML/ptmcm/
m/it/12 p \OMS/pzccm/m/n/12  \OML/ptmcm/m/it/12 q$\T1/ptm/m/n/12 . N jest \T1/
pcr/m/n/12 moduªem klucza publicznego \T1/ptm/m/n/12 i \T1/pcr/m/n/12 klucza
 []

[30]
Underfull \hbox (badness 4556) in paragraph at lines 803--804
[][]\T1/pcr/m/n/12 Centrum generowania kluczy \T1/ptm/m/n/12 wy-syªa do \T1/pcr
/m/n/12 mediatora \T1/ptm/m/n/12 wy-ge-ne-ro-wany
 []

[31] [32]
Underfull \hbox (badness 3354) in paragraph at lines 852--853
[][]\T1/pcr/m/n/12 Administrator \T1/ptm/m/n/12 - po-siada on funk-cjo-nal-no±¢
 u»yt-kow-nika stan-dar-do-
 []


Underfull \hbox (badness 2435) in paragraph at lines 852--853
\T1/ptm/m/n/12 wego, a do-dad-kowo mo»-li-wo±¢ za-rz¡-dza-nia \T1/pcr/m/n/12 u»
ytkownikami \T1/ptm/m/n/12 sys-temu.
 []

[33] [34]
Underfull \hbox (badness 10000) in paragraph at lines 871--872

 []

<logInActivity.pdf, id=159, 596.98032pt x 844.65562pt>
File: logInActivity.pdf Graphic file (type pdf)
 <use logInActivity.pdf>
Package pdftex.def Info: logInActivity.pdf used on input line 875.
(pdftex.def)             Requested size: 320.00122pt x 452.76915pt.

[35 <./logInActivity.pdf>]
Underfull \hbox (badness 10000) in paragraph at lines 882--883

 []

<LogIn.pdf, id=178, 493.0922pt x 811.53188pt>
File: LogIn.pdf Graphic file (type pdf)
 <use LogIn.pdf>
Package pdftex.def Info: LogIn.pdf used on input line 886.
(pdftex.def)             Requested size: 279.99878pt x 460.84436pt.
 [36 <./LogIn.pdf>]
Underfull \hbox (badness 4779) in paragraph at lines 895--896
[]\T1/pcr/m/n/12 U»ytkownik \T1/ptm/m/n/12 ma mo-zli-wo±¢ wy-sy-ªa-nia wia-do-m
o-±ci tek-sto-wych do in-nych
 []

[37]
Underfull \hbox (badness 10000) in paragraph at lines 899--900

 []

<sendMessageActivity.pdf, id=212, 596.98032pt x 844.65562pt>
File: sendMessageActivity.pdf Graphic file (type pdf)

<use sendMessageActivity.pdf>
Package pdftex.def Info: sendMessageActivity.pdf used on input line 903.
(pdftex.def)             Requested size: 320.00122pt x 452.76915pt.
 [38 <./sendMessageActivity.pdf>]
Underfull \hbox (badness 10000) in paragraph at lines 910--911

 []

<sendMessage.pdf, id=231, 575.90157pt x 809.27344pt>
File: sendMessage.pdf Graphic file (type pdf)
 <use sendMessage.pdf>
Package pdftex.def Info: sendMessage.pdf used on input line 914.
(pdftex.def)             Requested size: 279.99878pt x 393.47269pt.

[39 <./sendMessage.pdf>] [40]
Underfull \hbox (badness 10000) in paragraph at lines 927--928

 []

<reciveMessageActivity.pdf, id=264, 596.98032pt x 844.65562pt>
File: reciveMessageActivity.pdf Graphic file (type pdf)

<use reciveMessageActivity.pdf>
Package pdftex.def Info: reciveMessageActivity.pdf used on input line 931.
(pdftex.def)             Requested size: 279.99878pt x 396.16335pt.
 [41 <./reciveMessageActivity.pdf>]
Underfull \hbox (badness 10000) in paragraph at lines 938--939

 []

<reciveMessage.pdf, id=283, 596.98032pt x 844.65562pt>
File: reciveMessage.pdf Graphic file (type pdf)
 <use reciveMessage.pdf>
Package pdftex.def Info: reciveMessage.pdf used on input line 942.
(pdftex.def)             Requested size: 279.99878pt x 396.16335pt.

[42 <./reciveMessage.pdf>]
Underfull \hbox (badness 2846) in paragraph at lines 951--952
\T1/ptm/m/n/12 do \T1/pcr/m/n/12 serwera dost¦powego\T1/ptm/m/n/12 . Ser-wer na
 pod-sta-wie wcze-±niej wy-ge-ne-ro-wa-
 []

[43]
Underfull \hbox (badness 10000) in paragraph at lines 955--956

 []

<generateKeyActivity.pdf, id=317, 596.98032pt x 844.65562pt>
File: generateKeyActivity.pdf Graphic file (type pdf)

<use generateKeyActivity.pdf>
Package pdftex.def Info: generateKeyActivity.pdf used on input line 959.
(pdftex.def)             Requested size: 320.00122pt x 452.76915pt.
 [44 <./generateKeyActivity.pdf>]
Underfull \hbox (badness 10000) in paragraph at lines 966--967

 []

<generateKey.pdf, id=336, 551.05875pt x 808.52063pt>
File: generateKey.pdf Graphic file (type pdf)
 <use generateKey.pdf>
Package pdftex.def Info: generateKey.pdf used on input line 970.
(pdftex.def)             Requested size: 279.99878pt x 410.83495pt.

[45 <./generateKey.pdf>] [46]
Underfull \hbox (badness 10000) in paragraph at lines 983--984

 []

<signFileActivity.pdf, id=369, 596.98032pt x 844.65562pt>
File: signFileActivity.pdf Graphic file (type pdf)

<use signFileActivity.pdf>
Package pdftex.def Info: signFileActivity.pdf used on input line 987.
(pdftex.def)             Requested size: 320.00122pt x 452.76915pt.
 [47 <./signFileActivity.pdf>]
Underfull \hbox (badness 10000) in paragraph at lines 994--995

 []

<signFile.pdf, id=388, 596.98032pt x 844.65562pt>
File: signFile.pdf Graphic file (type pdf)
 <use signFile.pdf>
Package pdftex.def Info: signFile.pdf used on input line 998.
(pdftex.def)             Requested size: 279.99878pt x 396.16335pt.
 [48 <./signFile.pdf>]
Underfull \hbox (badness 1137) in paragraph at lines 1007--1008
\T1/ptm/m/n/12 na-st¦p-nie na-le»y wczy-ta¢ \T1/pcr/m/n/12 podpis \T1/ptm/m/n/1
2 pliku oraz \T1/pcr/m/n/12 klucz publiczny \T1/ptm/m/n/12 na-le-»¡cy do
 []

<registrationServer.pdf, id=419, 604.50844pt x 823.57687pt>
File: registrationServer.pdf Graphic file (type pdf)

<use registrationServer.pdf>
Package pdftex.def Info: registrationServer.pdf used on input line 1015.
(pdftex.def)             Requested size: 279.99878pt x 381.46384pt.
 [49 <./registrationServer.pdf>]
<mediator.pdf, id=438, 577.40718pt x 809.27344pt>
File: mediator.pdf Graphic file (type pdf)
 <use mediator.pdf>
Package pdftex.def Info: mediator.pdf used on input line 1028.
(pdftex.def)             Requested size: 279.99878pt x 392.44775pt.
 [50 <./mediator.pdf>] <client.pdf, id=457, 575.14874pt x 750.55406pt>
File: client.pdf Graphic file (type pdf)
 <use client.pdf>
Package pdftex.def Info: client.pdf used on input line 1041.
(pdftex.def)             Requested size: 279.99878pt x 365.40404pt.

[51 <./client.pdf>]
("C:\Program Files\MiKTeX 2.9\tex\latex\listings\lstlang1.sty"
File: lstlang1.sty 2015/06/04 1.6 listings language file
)
LaTeX Font Info:    Font shape `T1/pcr/bx/n' in size <8> not available
(Font)              Font shape `T1/pcr/b/n' tried instead on input line 1055.
 [52] [53]
[54] [55] <testEnviroment.pdf, id=490, 478.03593pt x 610.53094pt>
File: testEnviroment.pdf Graphic file (type pdf)

<use testEnviroment.pdf>
Package pdftex.def Info: testEnviroment.pdf used on input line 1172.
(pdftex.def)             Requested size: 279.99878pt x 357.60167pt.

("C:\Program Files\MiKTeX 2.9\tex\latex\listings\lstlang1.sty"
File: lstlang1.sty 2015/06/04 1.6 listings language file
)
LaTeX Font Info:    Font shape `T1/pcr/m/it' in size <8> not available
(Font)              Font shape `T1/pcr/m/sl' tried instead on input line 1181.
 [56 <./testEnviroment.pdf>] ("C:\Program Files\MiKTeX 2.9\tex\latex\listings\l
stlang1.sty"
File: lstlang1.sty 2015/06/04 1.6 listings language file
)
("C:\Program Files\MiKTeX 2.9\tex\latex\listings\lstlang1.sty"
File: lstlang1.sty 2015/06/04 1.6 listings language file
) [57]
Underfull \hbox (badness 1648) in paragraph at lines 1250--1251
[][]\T1/ptm/m/n/12 Bernd Bru-egge, Al-len H. Du-toit. |   []   |   []   |   [] 
  |   []
 []


Underfull \hbox (badness 1968) in paragraph at lines 1252--1253
[][]\T1/ptm/m/n/12 William Stal-lings. |   []   |   []   |   []   |   []   |   
[]
 []

[58] [59] (document.aux)

LaTeX Warning: Label(s) may have changed. Rerun to get cross-references right.

 )
(\end occurred inside a group at level 1)

### simple group (level 1) entered at line 1061 ({)
### bottom level 
Here is how much of TeX's memory you used:
 8154 strings out of 493673
 109062 string characters out of 3143960
 397204 words of memory out of 3000000
 11297 multiletter control sequences out of 15000+200000
 73937 words of font info for 96 fonts, out of 3000000 for 9000
 1025 hyphenation exceptions out of 8191
 33i,9n,47p,2019b,3590s stack positions out of 5000i,500n,10000p,200000b,50000s
{C:/Program Files/MiKTeX 2.9/fonts/enc/dvips/fontname/8r.enc}<C
:/Program Files/MiKTeX 2.9/fonts/type1/public/amsfonts/cm/cmmi10.pfb><C:/Progra
m Files/MiKTeX 2.9/fonts/type1/public/amsfonts/cm/cmr10.pfb><C:/Program Files/M
iKTeX 2.9/fonts/type1/public/amsfonts/cm/cmsy10.pfb><C:/Program Files/MiKTeX 2.
9/fonts/type1/urw/courier/ucrb8a.pfb><C:/Program Files/MiKTeX 2.9/fonts/type1/u
rw/courier/ucrr8a.pfb><C:/Program Files/MiKTeX 2.9/fonts/type1/urw/courier/ucrr
o8a.pfb><C:/Program Files/MiKTeX 2.9/fonts/type1/urw/symbol/usyr.pfb><C:/Progra
m Files/MiKTeX 2.9/fonts/type1/urw/times/utmb8a.pfb><C:/Program Files/MiKTeX 2.
9/fonts/type1/urw/times/utmbi8a.pfb><C:/Program Files/MiKTeX 2.9/fonts/type1/ur
w/times/utmr8a.pfb><C:/Program Files/MiKTeX 2.9/fonts/type1/urw/times/utmr8a.pf
b><C:/Program Files/MiKTeX 2.9/fonts/type1/urw/times/utmri8a.pfb>
Output written on document.pdf (60 pages, 2622303 bytes).
PDF statistics:
 563 PDF objects out of 1000 (max. 8388607)
 0 named destinations out of 1000 (max. 500000)
 96 words of extra memory for PDF output out of 10000 (max. 10000000)

