This is pdfTeX, Version 3.14159265-2.6-1.40.16 (MiKTeX 2.9 64-bit) (preloaded format=pdflatex 2015.9.22)  3 FEB 2016 08:33
entering extended mode
**dokumentacja.tex
(dokumentacja.tex
LaTeX2e <2015/01/01> patch level 2
Babel <3.9m> and hyphenation patterns for 69 languages loaded.
("C:\Program Files\MiKTeX 2.9\tex\latex\base\article.cls"
Document Class: article 2014/09/29 v1.4h Standard LaTeX document class
("C:\Program Files\MiKTeX 2.9\tex\latex\base\size12.clo"
File: size12.clo 2014/09/29 v1.4h Standard LaTeX file (size option)
)
\c@part=\count79
\c@section=\count80
\c@subsection=\count81
\c@subsubsection=\count82
\c@paragraph=\count83
\c@subparagraph=\count84
\c@figure=\count85
\c@table=\count86
\abovecaptionskip=\skip41
\belowcaptionskip=\skip42
\bibindent=\dimen102
)
("C:\Program Files\MiKTeX 2.9\tex\latex\geometry\geometry.sty"
Package: geometry 2010/09/12 v5.6 Page Geometry

("C:\Program Files\MiKTeX 2.9\tex\latex\graphics\keyval.sty"
Package: keyval 2014/10/28 v1.15 key=value parser (DPC)
\KV@toks@=\toks14
)
("C:\Program Files\MiKTeX 2.9\tex\generic\oberdiek\ifpdf.sty"
Package: ifpdf 2011/01/30 v2.3 Provides the ifpdf switch (HO)
Package ifpdf Info: pdfTeX in PDF mode is detected.
)
("C:\Program Files\MiKTeX 2.9\tex\generic\oberdiek\ifvtex.sty"
Package: ifvtex 2010/03/01 v1.5 Detect VTeX and its facilities (HO)
Package ifvtex Info: VTeX not detected.
)
("C:\Program Files\MiKTeX 2.9\tex\generic\ifxetex\ifxetex.sty"
Package: ifxetex 2010/09/12 v0.6 Provides ifxetex conditional
)
\Gm@cnth=\count87
\Gm@cntv=\count88
\c@Gm@tempcnt=\count89
\Gm@bindingoffset=\dimen103
\Gm@wd@mp=\dimen104
\Gm@odd@mp=\dimen105
\Gm@even@mp=\dimen106
\Gm@layoutwidth=\dimen107
\Gm@layoutheight=\dimen108
\Gm@layouthoffset=\dimen109
\Gm@layoutvoffset=\dimen110
\Gm@dimlist=\toks15

("C:\Program Files\MiKTeX 2.9\tex\latex\geometry\geometry.cfg"))
("C:\Program Files\MiKTeX 2.9\tex\latex\pgfplots\pgfplots.sty"
("C:\Program Files\MiKTeX 2.9\tex\generic\pgfplots\pgfplots.revision.tex")
Package: pgfplots 2016/01/06 v1.13 Data Visualization (1.13)

("C:\Program Files\MiKTeX 2.9\tex\latex\pgf\frontendlayer\tikz.sty"
("C:\Program Files\MiKTeX 2.9\tex\latex\pgf\basiclayer\pgf.sty"
("C:\Program Files\MiKTeX 2.9\tex\latex\pgf\utilities\pgfrcs.sty"
("C:\Program Files\MiKTeX 2.9\tex\generic\pgf\utilities\pgfutil-common.tex"
\pgfutil@everybye=\toks16
\pgfutil@tempdima=\dimen111
\pgfutil@tempdimb=\dimen112

("C:\Program Files\MiKTeX 2.9\tex\generic\pgf\utilities\pgfutil-common-lists.te
x")) ("C:\Program Files\MiKTeX 2.9\tex\generic\pgf\utilities\pgfutil-latex.def"
\pgfutil@abb=\box26
("C:\Program Files\MiKTeX 2.9\tex\latex\ms\everyshi.sty"
Package: everyshi 2001/05/15 v3.00 EveryShipout Package (MS)
))
("C:\Program Files\MiKTeX 2.9\tex\generic\pgf\utilities\pgfrcs.code.tex"
Package: pgfrcs 2015/08/07 v3.0.1a (rcs-revision 1.31)
))
Package: pgf 2015/08/07 v3.0.1a (rcs-revision 1.15)

("C:\Program Files\MiKTeX 2.9\tex\latex\pgf\basiclayer\pgfcore.sty"
("C:\Program Files\MiKTeX 2.9\tex\latex\graphics\graphicx.sty"
Package: graphicx 2014/10/28 v1.0g Enhanced LaTeX Graphics (DPC,SPQR)

("C:\Program Files\MiKTeX 2.9\tex\latex\graphics\graphics.sty"
Package: graphics 2014/10/28 v1.0p Standard LaTeX Graphics (DPC,SPQR)

("C:\Program Files\MiKTeX 2.9\tex\latex\graphics\trig.sty"
Package: trig 1999/03/16 v1.09 sin cos tan (DPC)
)
("C:\Program Files\MiKTeX 2.9\tex\latex\00miktex\graphics.cfg"
File: graphics.cfg 2007/01/18 v1.5 graphics configuration of teTeX/TeXLive
)
Package graphics Info: Driver file: pdftex.def on input line 94.

("C:\Program Files\MiKTeX 2.9\tex\latex\pdftex-def\pdftex.def"
File: pdftex.def 2011/05/27 v0.06d Graphics/color for pdfTeX

("C:\Program Files\MiKTeX 2.9\tex\generic\oberdiek\infwarerr.sty"
Package: infwarerr 2010/04/08 v1.3 Providing info/warning/error messages (HO)
)
("C:\Program Files\MiKTeX 2.9\tex\generic\oberdiek\ltxcmds.sty"
Package: ltxcmds 2011/11/09 v1.22 LaTeX kernel commands for general use (HO)
)
\Gread@gobject=\count90
))
\Gin@req@height=\dimen113
\Gin@req@width=\dimen114
)
("C:\Program Files\MiKTeX 2.9\tex\latex\pgf\systemlayer\pgfsys.sty"
("C:\Program Files\MiKTeX 2.9\tex\generic\pgf\systemlayer\pgfsys.code.tex"
Package: pgfsys 2014/07/09 v3.0.1a (rcs-revision 1.48)

("C:\Program Files\MiKTeX 2.9\tex\generic\pgf\utilities\pgfkeys.code.tex"
\pgfkeys@pathtoks=\toks17
\pgfkeys@temptoks=\toks18

("C:\Program Files\MiKTeX 2.9\tex\generic\pgf\utilities\pgfkeysfiltered.code.te
x"
\pgfkeys@tmptoks=\toks19
))
\pgf@x=\dimen115
\pgf@y=\dimen116
\pgf@xa=\dimen117
\pgf@ya=\dimen118
\pgf@xb=\dimen119
\pgf@yb=\dimen120
\pgf@xc=\dimen121
\pgf@yc=\dimen122
\w@pgf@writea=\write3
\r@pgf@reada=\read1
\c@pgf@counta=\count91
\c@pgf@countb=\count92
\c@pgf@countc=\count93
\c@pgf@countd=\count94
\t@pgf@toka=\toks20
\t@pgf@tokb=\toks21
\t@pgf@tokc=\toks22
 ("C:\Program Files\MiKTeX 2.9\tex\generic\pgf\systemlayer\pgf.cfg"
File: pgf.cfg 2008/05/14  (rcs-revision 1.7)
)
Driver file for pgf: pgfsys-pdftex.def

("C:\Program Files\MiKTeX 2.9\tex\generic\pgf\systemlayer\pgfsys-pdftex.def"
File: pgfsys-pdftex.def 2014/10/11  (rcs-revision 1.35)

("C:\Program Files\MiKTeX 2.9\tex\generic\pgf\systemlayer\pgfsys-common-pdf.def
"
File: pgfsys-common-pdf.def 2013/10/10  (rcs-revision 1.13)
)))
("C:\Program Files\MiKTeX 2.9\tex\generic\pgf\systemlayer\pgfsyssoftpath.code.t
ex"
File: pgfsyssoftpath.code.tex 2013/09/09  (rcs-revision 1.9)
\pgfsyssoftpath@smallbuffer@items=\count95
\pgfsyssoftpath@bigbuffer@items=\count96
)
("C:\Program Files\MiKTeX 2.9\tex\generic\pgf\systemlayer\pgfsysprotocol.code.t
ex"
File: pgfsysprotocol.code.tex 2006/10/16  (rcs-revision 1.4)
)) ("C:\Program Files\MiKTeX 2.9\tex\latex\xcolor\xcolor.sty"
Package: xcolor 2007/01/21 v2.11 LaTeX color extensions (UK)

("C:\Program Files\MiKTeX 2.9\tex\latex\00miktex\color.cfg"
File: color.cfg 2007/01/18 v1.5 color configuration of teTeX/TeXLive
)
Package xcolor Info: Driver file: pdftex.def on input line 225.
Package xcolor Info: Model `cmy' substituted by `cmy0' on input line 1337.
Package xcolor Info: Model `hsb' substituted by `rgb' on input line 1341.
Package xcolor Info: Model `RGB' extended on input line 1353.
Package xcolor Info: Model `HTML' substituted by `rgb' on input line 1355.
Package xcolor Info: Model `Hsb' substituted by `hsb' on input line 1356.
Package xcolor Info: Model `tHsb' substituted by `hsb' on input line 1357.
Package xcolor Info: Model `HSB' substituted by `hsb' on input line 1358.
Package xcolor Info: Model `Gray' substituted by `gray' on input line 1359.
Package xcolor Info: Model `wave' substituted by `hsb' on input line 1360.
)
("C:\Program Files\MiKTeX 2.9\tex\generic\pgf\basiclayer\pgfcore.code.tex"
Package: pgfcore 2010/04/11 v3.0.1a (rcs-revision 1.7)

("C:\Program Files\MiKTeX 2.9\tex\generic\pgf\math\pgfmath.code.tex"
("C:\Program Files\MiKTeX 2.9\tex\generic\pgf\math\pgfmathcalc.code.tex"
("C:\Program Files\MiKTeX 2.9\tex\generic\pgf\math\pgfmathutil.code.tex")
("C:\Program Files\MiKTeX 2.9\tex\generic\pgf\math\pgfmathparser.code.tex"
\pgfmath@dimen=\dimen123
\pgfmath@count=\count97
\pgfmath@box=\box27
\pgfmath@toks=\toks23
\pgfmath@stack@operand=\toks24
\pgfmath@stack@operation=\toks25
)
("C:\Program Files\MiKTeX 2.9\tex\generic\pgf\math\pgfmathfunctions.code.tex"
("C:\Program Files\MiKTeX 2.9\tex\generic\pgf\math\pgfmathfunctions.basic.code.
tex")
("C:\Program Files\MiKTeX 2.9\tex\generic\pgf\math\pgfmathfunctions.trigonometr
ic.code.tex")
("C:\Program Files\MiKTeX 2.9\tex\generic\pgf\math\pgfmathfunctions.random.code
.tex")
("C:\Program Files\MiKTeX 2.9\tex\generic\pgf\math\pgfmathfunctions.comparison.
code.tex")
("C:\Program Files\MiKTeX 2.9\tex\generic\pgf\math\pgfmathfunctions.base.code.t
ex")
("C:\Program Files\MiKTeX 2.9\tex\generic\pgf\math\pgfmathfunctions.round.code.
tex")
("C:\Program Files\MiKTeX 2.9\tex\generic\pgf\math\pgfmathfunctions.misc.code.t
ex")
("C:\Program Files\MiKTeX 2.9\tex\generic\pgf\math\pgfmathfunctions.integerarit
hmetics.code.tex")))
("C:\Program Files\MiKTeX 2.9\tex\generic\pgf\math\pgfmathfloat.code.tex"
\c@pgfmathroundto@lastzeros=\count98
))
("C:\Program Files\MiKTeX 2.9\tex\generic\pgf\basiclayer\pgfcorepoints.code.tex
"
File: pgfcorepoints.code.tex 2013/10/07  (rcs-revision 1.27)
\pgf@picminx=\dimen124
\pgf@picmaxx=\dimen125
\pgf@picminy=\dimen126
\pgf@picmaxy=\dimen127
\pgf@pathminx=\dimen128
\pgf@pathmaxx=\dimen129
\pgf@pathminy=\dimen130
\pgf@pathmaxy=\dimen131
\pgf@xx=\dimen132
\pgf@xy=\dimen133
\pgf@yx=\dimen134
\pgf@yy=\dimen135
\pgf@zx=\dimen136
\pgf@zy=\dimen137
)
("C:\Program Files\MiKTeX 2.9\tex\generic\pgf\basiclayer\pgfcorepathconstruct.c
ode.tex"
File: pgfcorepathconstruct.code.tex 2013/10/07  (rcs-revision 1.29)
\pgf@path@lastx=\dimen138
\pgf@path@lasty=\dimen139
)
("C:\Program Files\MiKTeX 2.9\tex\generic\pgf\basiclayer\pgfcorepathusage.code.
tex"
File: pgfcorepathusage.code.tex 2014/11/02  (rcs-revision 1.24)
\pgf@shorten@end@additional=\dimen140
\pgf@shorten@start@additional=\dimen141
)
("C:\Program Files\MiKTeX 2.9\tex\generic\pgf\basiclayer\pgfcorescopes.code.tex
"
File: pgfcorescopes.code.tex 2015/05/08  (rcs-revision 1.46)
\pgfpic=\box28
\pgf@hbox=\box29
\pgf@layerbox@main=\box30
\pgf@picture@serial@count=\count99
)
("C:\Program Files\MiKTeX 2.9\tex\generic\pgf\basiclayer\pgfcoregraphicstate.co
de.tex"
File: pgfcoregraphicstate.code.tex 2014/11/02  (rcs-revision 1.12)
\pgflinewidth=\dimen142
)
("C:\Program Files\MiKTeX 2.9\tex\generic\pgf\basiclayer\pgfcoretransformations
.code.tex"
File: pgfcoretransformations.code.tex 2015/08/07  (rcs-revision 1.20)
\pgf@pt@x=\dimen143
\pgf@pt@y=\dimen144
\pgf@pt@temp=\dimen145
)
("C:\Program Files\MiKTeX 2.9\tex\generic\pgf\basiclayer\pgfcorequick.code.tex"
File: pgfcorequick.code.tex 2008/10/09  (rcs-revision 1.3)
)
("C:\Program Files\MiKTeX 2.9\tex\generic\pgf\basiclayer\pgfcoreobjects.code.te
x"
File: pgfcoreobjects.code.tex 2006/10/11  (rcs-revision 1.2)
)
("C:\Program Files\MiKTeX 2.9\tex\generic\pgf\basiclayer\pgfcorepathprocessing.
code.tex"
File: pgfcorepathprocessing.code.tex 2013/09/09  (rcs-revision 1.9)
)
("C:\Program Files\MiKTeX 2.9\tex\generic\pgf\basiclayer\pgfcorearrows.code.tex
"
File: pgfcorearrows.code.tex 2015/05/14  (rcs-revision 1.43)
\pgfarrowsep=\dimen146
)
("C:\Program Files\MiKTeX 2.9\tex\generic\pgf\basiclayer\pgfcoreshade.code.tex"
File: pgfcoreshade.code.tex 2013/07/15  (rcs-revision 1.15)
\pgf@max=\dimen147
\pgf@sys@shading@range@num=\count100
) ("C:\Program Files\MiKTeX 2.9\tex\generic\pgf\basiclayer\pgfcoreimage.code.te
x"
File: pgfcoreimage.code.tex 2013/07/15  (rcs-revision 1.18)

("C:\Program Files\MiKTeX 2.9\tex\generic\pgf\basiclayer\pgfcoreexternal.code.t
ex"
File: pgfcoreexternal.code.tex 2014/07/09  (rcs-revision 1.21)
\pgfexternal@startupbox=\box31
))
("C:\Program Files\MiKTeX 2.9\tex\generic\pgf\basiclayer\pgfcorelayers.code.tex
"
File: pgfcorelayers.code.tex 2013/07/18  (rcs-revision 1.7)
)
("C:\Program Files\MiKTeX 2.9\tex\generic\pgf\basiclayer\pgfcoretransparency.co
de.tex"
File: pgfcoretransparency.code.tex 2013/09/30  (rcs-revision 1.5)
)
("C:\Program Files\MiKTeX 2.9\tex\generic\pgf\basiclayer\pgfcorepatterns.code.t
ex"
File: pgfcorepatterns.code.tex 2013/11/07  (rcs-revision 1.5)
)))
("C:\Program Files\MiKTeX 2.9\tex\generic\pgf\modules\pgfmoduleshapes.code.tex"
File: pgfmoduleshapes.code.tex 2014/03/21  (rcs-revision 1.35)
\pgfnodeparttextbox=\box32
) ("C:\Program Files\MiKTeX 2.9\tex\generic\pgf\modules\pgfmoduleplot.code.tex"
File: pgfmoduleplot.code.tex 2015/08/03  (rcs-revision 1.13)
)
("C:\Program Files\MiKTeX 2.9\tex\latex\pgf\compatibility\pgfcomp-version-0-65.
sty"
Package: pgfcomp-version-0-65 2007/07/03 v3.0.1a (rcs-revision 1.7)
\pgf@nodesepstart=\dimen148
\pgf@nodesepend=\dimen149
)
("C:\Program Files\MiKTeX 2.9\tex\latex\pgf\compatibility\pgfcomp-version-1-18.
sty"
Package: pgfcomp-version-1-18 2007/07/23 v3.0.1a (rcs-revision 1.1)
)) ("C:\Program Files\MiKTeX 2.9\tex\latex\pgf\utilities\pgffor.sty"
("C:\Program Files\MiKTeX 2.9\tex\latex\pgf\utilities\pgfkeys.sty"
("C:\Program Files\MiKTeX 2.9\tex\generic\pgf\utilities\pgfkeys.code.tex"))
("C:\Program Files\MiKTeX 2.9\tex\latex\pgf\math\pgfmath.sty"
("C:\Program Files\MiKTeX 2.9\tex\generic\pgf\math\pgfmath.code.tex"))
("C:\Program Files\MiKTeX 2.9\tex\generic\pgf\utilities\pgffor.code.tex"
Package: pgffor 2013/12/13 v3.0.1a (rcs-revision 1.25)

("C:\Program Files\MiKTeX 2.9\tex\generic\pgf\math\pgfmath.code.tex")
\pgffor@iter=\dimen150
\pgffor@skip=\dimen151
\pgffor@stack=\toks26
\pgffor@toks=\toks27
))
("C:\Program Files\MiKTeX 2.9\tex\generic\pgf\frontendlayer\tikz\tikz.code.tex"
Package: tikz 2015/08/07 v3.0.1a (rcs-revision 1.151)

("C:\Program Files\MiKTeX 2.9\tex\generic\pgf\libraries\pgflibraryplothandlers.
code.tex"
File: pgflibraryplothandlers.code.tex 2013/08/31 v3.0.1a (rcs-revision 1.20)
\pgf@plot@mark@count=\count101
\pgfplotmarksize=\dimen152
)
\tikz@lastx=\dimen153
\tikz@lasty=\dimen154
\tikz@lastxsaved=\dimen155
\tikz@lastysaved=\dimen156
\tikzleveldistance=\dimen157
\tikzsiblingdistance=\dimen158
\tikz@figbox=\box33
\tikz@figbox@bg=\box34
\tikz@tempbox=\box35
\tikz@tempbox@bg=\box36
\tikztreelevel=\count102
\tikznumberofchildren=\count103
\tikznumberofcurrentchild=\count104
\tikz@fig@count=\count105

("C:\Program Files\MiKTeX 2.9\tex\generic\pgf\modules\pgfmodulematrix.code.tex"
File: pgfmodulematrix.code.tex 2013/09/17  (rcs-revision 1.8)
\pgfmatrixcurrentrow=\count106
\pgfmatrixcurrentcolumn=\count107
\pgf@matrix@numberofcolumns=\count108
)
\tikz@expandcount=\count109

("C:\Program Files\MiKTeX 2.9\tex\generic\pgf\frontendlayer\tikz\libraries\tikz
librarytopaths.code.tex"
File: tikzlibrarytopaths.code.tex 2008/06/17 v3.0.1a (rcs-revision 1.2)
)))
("C:\Program Files\MiKTeX 2.9\tex\generic\pgfplots\pgfplots.code.tex"
("C:\Program Files\MiKTeX 2.9\tex\generic\pgfplots\pgfplotscore.code.tex"
\t@pgfplots@toka=\toks28
\t@pgfplots@tokb=\toks29
\t@pgfplots@tokc=\toks30
\pgfplots@tmpa=\dimen159
\c@pgfplots@coordindex=\count110
\c@pgfplots@scanlineindex=\count111

("C:\Program Files\MiKTeX 2.9\tex\generic\pgfplots\sys\pgfplotssysgeneric.code.
tex"))
("C:\Program Files\MiKTeX 2.9\tex\generic\pgfplots\libs\pgfplotslibrary.code.te
x")
("C:\Program Files\MiKTeX 2.9\tex\generic\pgfplots\oldpgfcompatib\pgfplotsoldpg
fsupp_loader.code.tex"
("C:\Program Files\MiKTeX 2.9\tex\generic\pgf\libraries\pgflibraryfpu.code.tex"
)
Package pgfplots: loading complementary arithmetics for your pgf version...

("C:\Program Files\MiKTeX 2.9\tex\generic\pgfplots\oldpgfcompatib\pgfplotsoldpg
fsupp_pgflibraryfpu.code.tex")
("C:\Program Files\MiKTeX 2.9\tex\generic\pgfplots\oldpgfcompatib\pgfplotsoldpg
fsupp_pgfmathfloat.code.tex"
\c@pgfmathroundto@lastzeros=\count112
))
("C:\Program Files\MiKTeX 2.9\tex\generic\pgfplots\util\pgfplotsutil.code.tex"
("C:\Program Files\MiKTeX 2.9\tex\generic\pgfplots\liststructure\pgfplotslistst
ructure.code.tex")
("C:\Program Files\MiKTeX 2.9\tex\generic\pgfplots\liststructure\pgfplotslistst
ructureext.code.tex")
("C:\Program Files\MiKTeX 2.9\tex\generic\pgfplots\liststructure\pgfplotsarray.
code.tex"
\c@pgfplotsarray@tmp=\count113
)
("C:\Program Files\MiKTeX 2.9\tex\generic\pgfplots\liststructure\pgfplotsmatrix
.code.tex")
("C:\Program Files\MiKTeX 2.9\tex\generic\pgfplots\numtable\pgfplotstableshared
.code.tex"
\c@pgfplotstable@counta=\count114
\t@pgfplotstable@a=\toks31
)
("C:\Program Files\MiKTeX 2.9\tex\generic\pgfplots\liststructure\pgfplotsdeque.
code.tex")
("C:\Program Files\MiKTeX 2.9\tex\generic\pgfplots\util\pgfplotsbinary.code.tex
"
("C:\Program Files\MiKTeX 2.9\tex\generic\pgfplots\util\pgfplotsbinary.data.cod
e.tex"))
("C:\Program Files\MiKTeX 2.9\tex\generic\pgfplots\util\pgfplotsutil.verb.code.
tex")
("C:\Program Files\MiKTeX 2.9\tex\generic\pgfplots\libs\pgflibrarypgfplots.surf
shading.code.tex"
\c@pgfplotslibrarysurf@no=\count115

("C:\Program Files\MiKTeX 2.9\tex\generic\pgfplots\sys\pgflibrarypgfplots.surfs
hading.pgfsys-pdftex.def")))
("C:\Program Files\MiKTeX 2.9\tex\generic\pgfplots\util\pgfplotscolormap.code.t
ex"
("C:\Program Files\MiKTeX 2.9\tex\generic\pgfplots\util\pgfplotscolor.code.tex"
))
("C:\Program Files\MiKTeX 2.9\tex\generic\pgfplots\pgfplotsstackedplots.code.te
x")
("C:\Program Files\MiKTeX 2.9\tex\generic\pgfplots\pgfplotsplothandlers.code.te
x"
("C:\Program Files\MiKTeX 2.9\tex\generic\pgfplots\pgfplotsmeshplothandler.code
.tex"
("C:\Program Files\MiKTeX 2.9\tex\generic\pgfplots\pgfplotsmeshplotimage.code.t
ex")))
("C:\Program Files\MiKTeX 2.9\tex\generic\pgfplots\pgfplots.scaling.code.tex")
("C:\Program Files\MiKTeX 2.9\tex\generic\pgfplots\pgfplotscoordprocessing.code
.tex")
("C:\Program Files\MiKTeX 2.9\tex\generic\pgfplots\pgfplots.errorbars.code.tex"
) ("C:\Program Files\MiKTeX 2.9\tex\generic\pgfplots\pgfplots.markers.code.tex"
) ("C:\Program Files\MiKTeX 2.9\tex\generic\pgfplots\pgfplotsticks.code.tex")
("C:\Program Files\MiKTeX 2.9\tex\generic\pgfplots\pgfplots.paths.code.tex")
("C:\Program Files\MiKTeX 2.9\tex\generic\pgf\frontendlayer\tikz\libraries\tikz
librarydecorations.code.tex"
("C:\Program Files\MiKTeX 2.9\tex\generic\pgf\modules\pgfmoduledecorations.code
.tex"
\pgfdecoratedcompleteddistance=\dimen160
\pgfdecoratedremainingdistance=\dimen161
\pgfdecoratedinputsegmentcompleteddistance=\dimen162
\pgfdecoratedinputsegmentremainingdistance=\dimen163
\pgf@decorate@distancetomove=\dimen164
\pgf@decorate@repeatstate=\count116
\pgfdecorationsegmentamplitude=\dimen165
\pgfdecorationsegmentlength=\dimen166
)
\tikz@lib@dec@box=\box37
)
("C:\Program Files\MiKTeX 2.9\tex\generic\pgf\frontendlayer\tikz\libraries\tikz
librarydecorations.pathmorphing.code.tex"
("C:\Program Files\MiKTeX 2.9\tex\generic\pgf\libraries\decorations\pgflibraryd
ecorations.pathmorphing.code.tex"))
("C:\Program Files\MiKTeX 2.9\tex\generic\pgf\frontendlayer\tikz\libraries\tikz
librarydecorations.pathreplacing.code.tex"
("C:\Program Files\MiKTeX 2.9\tex\generic\pgf\libraries\decorations\pgflibraryd
ecorations.pathreplacing.code.tex"))
\pgfplots@numplots=\count117
\pgfplots@xmin@reg=\dimen167
\pgfplots@xmax@reg=\dimen168
\pgfplots@ymin@reg=\dimen169
\pgfplots@ymax@reg=\dimen170
\pgfplots@zmin@reg=\dimen171
\pgfplots@zmax@reg=\dimen172
)
("C:\Program Files\MiKTeX 2.9\tex\generic\pgf\frontendlayer\tikz\libraries\tikz
libraryplotmarks.code.tex"
File: tikzlibraryplotmarks.code.tex 2008/01/09 v3.0.1a (rcs-revision 1.1)

("C:\Program Files\MiKTeX 2.9\tex\generic\pgf\libraries\pgflibraryplotmarks.cod
e.tex"
File: pgflibraryplotmarks.code.tex 2015/08/03 v3.0.1a (rcs-revision 1.14)
))) ("C:\Program Files\MiKTeX 2.9\tex\latex\graphics\epsfig.sty"
Package: epsfig 1999/02/16 v1.7a (e)psfig emulation (SPQR)
\epsfxsize=\dimen173
\epsfysize=\dimen174
)
("C:\Program Files\MiKTeX 2.9\tex\latex\mathtools\mathtools.sty"
Package: mathtools 2015/11/12 v1.18 mathematical typesetting tools

("C:\Program Files\MiKTeX 2.9\tex\latex\tools\calc.sty"
Package: calc 2014/10/28 v4.3 Infix arithmetic (KKT,FJ)
\calc@Acount=\count118
\calc@Bcount=\count119
\calc@Adimen=\dimen175
\calc@Bdimen=\dimen176
\calc@Askip=\skip43
\calc@Bskip=\skip44
LaTeX Info: Redefining \setlength on input line 80.
LaTeX Info: Redefining \addtolength on input line 81.
\calc@Ccount=\count120
\calc@Cskip=\skip45
)
("C:\Program Files\MiKTeX 2.9\tex\latex\mathtools\mhsetup.sty"
Package: mhsetup 2010/01/21 v1.2a programming setup (MH)
)
("C:\Program Files\MiKTeX 2.9\tex\latex\amsmath\amsmath.sty"
Package: amsmath 2013/01/14 v2.14 AMS math features
\@mathmargin=\skip46

For additional information on amsmath, use the `?' option.
("C:\Program Files\MiKTeX 2.9\tex\latex\amsmath\amstext.sty"
Package: amstext 2000/06/29 v2.01

("C:\Program Files\MiKTeX 2.9\tex\latex\amsmath\amsgen.sty"
File: amsgen.sty 1999/11/30 v2.0
\@emptytoks=\toks32
\ex@=\dimen177
))
("C:\Program Files\MiKTeX 2.9\tex\latex\amsmath\amsbsy.sty"
Package: amsbsy 1999/11/29 v1.2d
\pmbraise@=\dimen178
)
("C:\Program Files\MiKTeX 2.9\tex\latex\amsmath\amsopn.sty"
Package: amsopn 1999/12/14 v2.01 operator names
)
\inf@bad=\count121
LaTeX Info: Redefining \frac on input line 210.
\uproot@=\count122
\leftroot@=\count123
LaTeX Info: Redefining \overline on input line 306.
\classnum@=\count124
\DOTSCASE@=\count125
LaTeX Info: Redefining \ldots on input line 378.
LaTeX Info: Redefining \dots on input line 381.
LaTeX Info: Redefining \cdots on input line 466.
\Mathstrutbox@=\box38
\strutbox@=\box39
\big@size=\dimen179
LaTeX Font Info:    Redeclaring font encoding OML on input line 566.
LaTeX Font Info:    Redeclaring font encoding OMS on input line 567.
\macc@depth=\count126
\c@MaxMatrixCols=\count127
\dotsspace@=\muskip10
\c@parentequation=\count128
\dspbrk@lvl=\count129
\tag@help=\toks33
\row@=\count130
\column@=\count131
\maxfields@=\count132
\andhelp@=\toks34
\eqnshift@=\dimen180
\alignsep@=\dimen181
\tagshift@=\dimen182
\tagwidth@=\dimen183
\totwidth@=\dimen184
\lineht@=\dimen185
\@envbody=\toks35
\multlinegap=\skip47
\multlinetaggap=\skip48
\mathdisplay@stack=\toks36
LaTeX Info: Redefining \[ on input line 2665.
LaTeX Info: Redefining \] on input line 2666.
)
LaTeX Info: Thecontrolsequence`\('isalreadyrobust on input line 129.
LaTeX Info: Thecontrolsequence`\)'isalreadyrobust on input line 129.
LaTeX Info: Thecontrolsequence`\['isalreadyrobust on input line 129.
LaTeX Info: Thecontrolsequence`\]'isalreadyrobust on input line 129.
\g_MT_multlinerow_int=\count133
\l_MT_multwidth_dim=\dimen186
\origjot=\skip49
\l_MT_shortvdotswithinadjustabove_dim=\dimen187
\l_MT_shortvdotswithinadjustbelow_dim=\dimen188
\l_MT_above_intertext_sep=\dimen189
\l_MT_below_intertext_sep=\dimen190
\l_MT_above_shortintertext_sep=\dimen191
\l_MT_below_shortintertext_sep=\dimen192
)
("C:\Program Files\MiKTeX 2.9\tex\latex\amsfonts\amssymb.sty"
Package: amssymb 2013/01/14 v3.01 AMS font symbols

("C:\Program Files\MiKTeX 2.9\tex\latex\amsfonts\amsfonts.sty"
Package: amsfonts 2013/01/14 v3.01 Basic AMSFonts support
\symAMSa=\mathgroup4
\symAMSb=\mathgroup5
LaTeX Font Info:    Overwriting math alphabet `\mathfrak' in version `bold'
(Font)                  U/euf/m/n --> U/euf/b/n on input line 106.
))
("C:\Program Files\MiKTeX 2.9\tex\latex\amscls\amsthm.sty"
Package: amsthm 2015/03/04 v2.20.2
\thm@style=\toks37
\thm@bodyfont=\toks38
\thm@headfont=\toks39
\thm@notefont=\toks40
\thm@headpunct=\toks41
\thm@preskip=\skip50
\thm@postskip=\skip51
\thm@headsep=\skip52
\dth@everypar=\toks42
)
("C:\Program Files\MiKTeX 2.9\tex\latex\booktabs\booktabs.sty"
Package: booktabs 2005/04/14 v1.61803 publication quality tables
\heavyrulewidth=\dimen193
\lightrulewidth=\dimen194
\cmidrulewidth=\dimen195
\belowrulesep=\dimen196
\belowbottomsep=\dimen197
\aboverulesep=\dimen198
\abovetopsep=\dimen199
\cmidrulesep=\dimen200
\cmidrulekern=\dimen201
\defaultaddspace=\dimen202
\@cmidla=\count134
\@cmidlb=\count135
\@aboverulesep=\dimen203
\@belowrulesep=\dimen204
\@thisruleclass=\count136
\@lastruleclass=\count137
\@thisrulewidth=\dimen205
)
("C:\Program Files\MiKTeX 2.9\tex\latex\stmaryrd\stmaryrd.sty"
Package: stmaryrd 1994/03/03 St Mary's Road symbol package
\symstmry=\mathgroup6
LaTeX Font Info:    Overwriting symbol font `stmry' in version `bold'
(Font)                  U/stmry/m/n --> U/stmry/b/n on input line 89.
)
("C:\Program Files\MiKTeX 2.9\tex\latex\url\url.sty"
\Urlmuskip=\muskip11
Package: url 2013/09/16  ver 3.4  Verb mode for urls, etc.
)
("C:\Program Files\MiKTeX 2.9\tex\latex\tools\longtable.sty"
Package: longtable 2014/10/28 v4.11 Multi-page Table package (DPC)
\LTleft=\skip53
\LTright=\skip54
\LTpre=\skip55
\LTpost=\skip56
\LTchunksize=\count138
\LTcapwidth=\dimen206
\LT@head=\box40
\LT@firsthead=\box41
\LT@foot=\box42
\LT@lastfoot=\box43
\LT@cols=\count139
\LT@rows=\count140
\c@LT@tables=\count141
\c@LT@chunks=\count142
\LT@p@ftn=\toks43
)
("C:\Program Files\MiKTeX 2.9\tex\latex\rotating\rotating.sty"
Package: rotating 2009/03/28 v2.16a rotated objects in LaTeX

("C:\Program Files\MiKTeX 2.9\tex\latex\base\ifthen.sty"
Package: ifthen 2014/09/29 v1.1c Standard LaTeX ifthen package (DPC)
)
\c@r@tfl@t=\count143
\rotFPtop=\skip57
\rotFPbot=\skip58
\rot@float@box=\box44
\rot@mess@toks=\toks44
)
("C:\Program Files\MiKTeX 2.9\tex\latex\base\inputenc.sty"
Package: inputenc 2015/03/17 v1.2c Input encoding file
\inpenc@prehook=\toks45
\inpenc@posthook=\toks46

("C:\Program Files\MiKTeX 2.9\tex\latex\base\cp1250.def"
File: cp1250.def 2015/03/17 v1.2c Input encoding file
))
("C:\Program Files\MiKTeX 2.9\tex\latex\base\fontenc.sty"
Package: fontenc 2005/09/27 v1.99g Standard LaTeX package

("C:\Program Files\MiKTeX 2.9\tex\latex\base\t1enc.def"
File: t1enc.def 2005/09/27 v1.99g Standard LaTeX file
LaTeX Font Info:    Redeclaring font encoding T1 on input line 48.
))
("C:\Program Files\MiKTeX 2.9\tex\generic\babel\babel.sty"
Package: babel 2015/08/03 3.9m The Babel package

*************************************
* Local config file bblopts.cfg used
*
("C:\Program Files\MiKTeX 2.9\tex\latex\00miktex\bblopts.cfg"
File: bblopts.cfg 2006/07/31 v1.0 MiKTeX 'babel' configuration
)
("C:\Program Files\MiKTeX 2.9\tex\latex\babel-polish\polish.ldf"
Language: polish 2005/03/31 v1.2l Polish support from the babel system

("C:\Program Files\MiKTeX 2.9\tex\generic\babel\babel.def"
File: babel.def 2015/08/03 3.9m Babel common definitions
\babel@savecnt=\count144
\U@D=\dimen207
)
Package babel Info: Making " an active character on input line 83.
\pl@left=\dimen208
\pl@down=\dimen209
\pl@right=\dimen210
\pl@temp=\dimen211
))
("C:\Program Files\MiKTeX 2.9\tex\latex\pslatex\pslatex.sty"
Package: pslatex 1996/07/24 v1.2 pslatex emulation (DPC)
LaTeX Font Info:    Redeclaring symbol font `operators' on input line 65.
LaTeX Font Info:    Overwriting symbol font `operators' in version `normal'
(Font)                  OT1/cmr/m/n --> OT1/ptmcm/m/n on input line 65.
LaTeX Font Info:    Overwriting symbol font `operators' in version `bold'
(Font)                  OT1/cmr/bx/n --> OT1/ptmcm/m/n on input line 65.
LaTeX Font Info:    Redeclaring symbol font `letters' on input line 66.
LaTeX Font Info:    Overwriting symbol font `letters' in version `normal'
(Font)                  OML/cmm/m/it --> OML/ptmcm/m/it on input line 66.
LaTeX Font Info:    Overwriting symbol font `letters' in version `bold'
(Font)                  OML/cmm/b/it --> OML/ptmcm/m/it on input line 66.
LaTeX Font Info:    Redeclaring symbol font `symbols' on input line 67.
LaTeX Font Info:    Overwriting symbol font `symbols' in version `normal'
(Font)                  OMS/cmsy/m/n --> OMS/pzccm/m/n on input line 67.
LaTeX Font Info:    Overwriting symbol font `symbols' in version `bold'
(Font)                  OMS/cmsy/b/n --> OMS/pzccm/m/n on input line 67.
LaTeX Font Info:    Redeclaring symbol font `largesymbols' on input line 68.
LaTeX Font Info:    Overwriting symbol font `largesymbols' in version `normal'
(Font)                  OMX/cmex/m/n --> OMX/psycm/m/n on input line 68.
LaTeX Font Info:    Overwriting symbol font `largesymbols' in version `bold'
(Font)                  OMX/cmex/m/n --> OMX/psycm/m/n on input line 68.
\symbold=\mathgroup7
\symitalic=\mathgroup8
LaTeX Font Info:    Redeclaring math alphabet \mathbf on input line 74.
LaTeX Font Info:    Overwriting math alphabet `\mathbf' in version `normal'
(Font)                  OT1/cmr/bx/n --> OT1/ptm/bx/n on input line 74.
LaTeX Font Info:    Overwriting math alphabet `\mathbf' in version `bold'
(Font)                  OT1/cmr/bx/n --> OT1/ptm/bx/n on input line 74.
LaTeX Font Info:    Redeclaring math alphabet \mathit on input line 75.
LaTeX Font Info:    Overwriting math alphabet `\mathit' in version `normal'
(Font)                  OT1/cmr/m/it --> OT1/ptm/m/it on input line 75.
LaTeX Font Info:    Overwriting math alphabet `\mathit' in version `bold'
(Font)                  OT1/cmr/bx/it --> OT1/ptm/m/it on input line 75.
)
("C:\Program Files\MiKTeX 2.9\tex\latex\ulem\ulem.sty"
\UL@box=\box45
\UL@hyphenbox=\box46
\UL@skip=\skip59
\UL@hook=\toks47
\UL@height=\dimen212
\UL@pe=\count145
\UL@pixel=\dimen213
\ULC@box=\box47
Package: ulem 2012/05/18
\ULdepth=\dimen214
)
("C:\Program Files\MiKTeX 2.9\tex\latex\lipsum\lipsum.sty"
Package: lipsum 2014/07/27 v1.3 150 paragraphs of Lorem Ipsum dummy text
\c@lips@count=\count146
)
("C:\Program Files\MiKTeX 2.9\tex\latex\listings\listings.sty"
\lst@mode=\count147
\lst@gtempboxa=\box48
\lst@token=\toks48
\lst@length=\count148
\lst@currlwidth=\dimen215
\lst@column=\count149
\lst@pos=\count150
\lst@lostspace=\dimen216
\lst@width=\dimen217
\lst@newlines=\count151
\lst@lineno=\count152
\lst@maxwidth=\dimen218

("C:\Program Files\MiKTeX 2.9\tex\latex\listings\lstmisc.sty"
File: lstmisc.sty 2015/06/04 1.6 (Carsten Heinz)
\c@lstnumber=\count153
\lst@skipnumbers=\count154
\lst@framebox=\box49
)
("C:\Program Files\MiKTeX 2.9\tex\latex\listings\listings.cfg"
File: listings.cfg 2015/06/04 1.6 listings configuration
))
Package: listings 2015/06/04 1.6 (Carsten Heinz)

("C:\Program Files\MiKTeX 2.9\tex\latex\ltxmisc\Here.sty")
("C:\Program Files\MiKTeX 2.9\tex\latex\caption\caption.sty"
Package: caption 2015/09/17 v3.3-111 Customizing captions (AR)

("C:\Program Files\MiKTeX 2.9\tex\latex\caption\caption3.sty"
Package: caption3 2015/09/20 v1.7-115 caption3 kernel (AR)
Package caption3 Info: TeX engine: e-TeX on input line 57.
\captionmargin=\dimen219
\captionmargin@=\dimen220
\captionwidth=\dimen221
\caption@tempdima=\dimen222
\caption@indent=\dimen223
\caption@parindent=\dimen224
\caption@hangindent=\dimen225
)
\c@ContinuedFloat=\count155
Package caption Info: listings package is loaded.
Package caption Info: longtable package is loaded.

("C:\Program Files\MiKTeX 2.9\tex\latex\caption\ltcaption.sty"
Package: ltcaption 2013/06/09 v1.4-94 longtable captions (AR)
)
Package caption Info: rotating package is loaded.
)
("C:\Program Files\MiKTeX 2.9\tex\latex\pdfpages\pdfpages.sty"
Package: pdfpages 2015/09/18 v0.5d Insert pages of external PDF documents (AM)

("C:\Program Files\MiKTeX 2.9\tex\latex\eso-pic\eso-pic.sty"
Package: eso-pic 2015/07/21 v2.0g eso-pic (RN)

("C:\Program Files\MiKTeX 2.9\tex\generic\oberdiek\atbegshi.sty"
Package: atbegshi 2011/10/05 v1.16 At begin shipout hook (HO)
))
\AM@pagewidth=\dimen226
\AM@pageheight=\dimen227

("C:\Program Files\MiKTeX 2.9\tex\latex\pdfpages\pppdftex.def"
File: pppdftex.def 2015/09/18 v0.5d Pdfpages driver for pdfTeX (AM)
)
\AM@pagebox=\box50
\AM@toc@title=\toks49
\c@AM@survey=\count156
\AM@templatesizebox=\box51
)
("C:\Program Files\MiKTeX 2.9\tex\latex\algorithm2e\algorithm2e.sty"
Package: algorithm2e 2013/01/06 v5.00 algorithms environments
\c@AlgoLine=\count157
\algocf@hangindent=\skip60

("C:\Program Files\MiKTeX 2.9\tex\latex\tools\xspace.sty"
Package: xspace 2014/10/28 v1.13 Space after command names (DPC,MH)
)
("C:\Program Files\MiKTeX 2.9\tex\latex\ltxmisc\relsize.sty"
Package: relsize 2003/07/04 ver 3.1
)
********************************************************
Package `algorithm2e' Release 5.1 -- october 19 2015 --
- algorithm2e-announce@lirmm.fr mailing list for announcement about releases
- algorithm2e-discussion@lirmm.fr mailing list for discussion about package
subscribe by emailing sympa@lirmm.fr with 'subscribe <list> <firstname name>'
- Author: Christophe Fiorio (christophe.fiorio@umontpellier.fr)
********************************************************
\skiptotal=\skip61
\skiplinenumber=\skip62
\skiprule=\skip63
\skiphlne=\skip64
\skiptext=\skip65
\skiplength=\skip66
\algomargin=\skip67
\skipalgocfslide=\skip68
\algowidth=\dimen228
\inoutsize=\dimen229
\inoutindent=\dimen230
\interspacetitleruled=\dimen231
\interspacealgoruled=\dimen232
\interspacetitleboxruled=\dimen233
\algocf@ruledwidth=\skip69
\algocf@inoutbox=\box52
\algocf@inputbox=\box53
\AlCapSkip=\skip70
\AlCapHSkip=\skip71
\algoskipindent=\skip72
\algocf@nlbox=\box54
\algocf@hangingbox=\box55
\algocf@untilbox=\box56
\algocf@skipuntil=\skip73
\algocf@capbox=\box57
\algoheightruledefault=\skip74
\algoheightrule=\skip75
\algotitleheightruledefault=\skip76
\algotitleheightrule=\skip77
\c@algocfline=\count158
\c@algocfproc=\count159
\c@algocf=\count160
\algocf@algoframe=\box58
\algocf@algobox=\box59
)
\c@theorem=\count161
\c@lemma=\count162
\c@example=\count163
\c@corollary=\count164
\c@definition=\count165
\@indexfile=\write4

Writing index file dokumentacja.idx
(dokumentacja.aux)
LaTeX Font Info:    Checking defaults for OML/cmm/m/it on input line 84.
LaTeX Font Info:    ... okay on input line 84.
LaTeX Font Info:    Checking defaults for T1/cmr/m/n on input line 84.
LaTeX Font Info:    ... okay on input line 84.
LaTeX Font Info:    Checking defaults for OT1/cmr/m/n on input line 84.
LaTeX Font Info:    ... okay on input line 84.
LaTeX Font Info:    Checking defaults for OMS/pzccm/m/n on input line 84.
LaTeX Font Info:    Try loading font information for OMS+pzccm on input line 84
.
 ("C:\Program Files\MiKTeX 2.9\tex\latex\psnfss\omspzccm.fd"
File: omspzccm.fd 2000/01/03 Fontinst v1.801 font definitions for OMS/pzccm.
)
LaTeX Font Info:    ... okay on input line 84.
LaTeX Font Info:    Checking defaults for OMX/cmex/m/n on input line 84.
LaTeX Font Info:    ... okay on input line 84.
LaTeX Font Info:    Checking defaults for U/cmr/m/n on input line 84.
LaTeX Font Info:    ... okay on input line 84.
*geometry* driver: auto-detecting
*geometry* detected driver: pdftex
*geometry* verbose mode - [ preamble ] result:
* driver: pdftex
* paper: <default>
* layout: <same size as paper>
* layoutoffset:(h,v)=(0.0pt,0.0pt)
* modes: 
* h-part:(L,W,R)=(92.14519pt, 430.00462pt, 92.14519pt)
* v-part:(T,H,B)=(95.39737pt, 617.32347pt, 82.24915pt)
* \paperwidth=614.295pt
* \paperheight=794.96999pt
* \textwidth=400.0pt
* \textheight=617.32347pt
* \oddsidemargin=19.8752pt
* \evensidemargin=19.8752pt
* \topmargin=-13.87262pt
* \headheight=12.0pt
* \headsep=25.0pt
* \topskip=12.0pt
* \footskip=30.0pt
* \marginparwidth=44.0pt
* \marginparsep=10.0pt
* \columnsep=10.0pt
* \skip\footins=10.8pt plus 4.0pt minus 2.0pt
* \hoffset=0.0pt
* \voffset=0.0pt
* \mag=1000
* \@twocolumnfalse
* \@twosidefalse
* \@mparswitchfalse
* \@reversemarginfalse
* (1in=72.27pt=25.4mm, 1cm=28.453pt)

ABD: EveryShipout initializing macros
("C:\Program Files\MiKTeX 2.9\tex\context\base\supp-pdf.mkii"
[Loading MPS to PDF converter (version 2006.09.02).]
\scratchcounter=\count166
\scratchdimen=\dimen256
\scratchbox=\box60
\nofMPsegments=\count167
\nofMParguments=\count168
\everyMPshowfont=\toks50
\MPscratchCnt=\count169
\MPscratchDim=\dimen257
\MPnumerator=\count170
\makeMPintoPDFobject=\count171
\everyMPtoPDFconversion=\toks51
)
Package pgfplots notification 'compat/show suggested version=true': document ha
s been generated with the most recent feature set (\pgfplotsset{compat=1.13}).

\c@lstlisting=\count172
Package caption Info: Begin \AtBeginDocument code.
Package caption Info: End \AtBeginDocument code.
\AtBeginShipoutBox=\box61
("C:\Program Files\MiKTeX 2.9\tex\latex\oberdiek\pdflscape.sty"
Package: pdflscape 2008/08/11 v0.10 Display of landscape pages in PDF (HO)

("C:\Program Files\MiKTeX 2.9\tex\latex\graphics\lscape.sty"
Package: lscape 2000/10/22 v3.01 Landscape Pages (DPC)
)
Package pdflscape Info: Auto-detected driver: pdftex on input line 80.
)
<pd_mgr.pdf, id=4, 597.432pt x 844.95674pt>
File: pd_mgr.pdf Graphic file (type pdf)
 <use pd_mgr.pdf>
Package pdftex.def Info: pd_mgr.pdf used on input line 89.
(pdftex.def)             Requested size: 597.43054pt x 844.95468pt.
File: pd_mgr.pdf Graphic file (type pdf)
 <use pd_mgr.pdf>
Package pdftex.def Info: pd_mgr.pdf used on input line 89.
(pdftex.def)             Requested size: 597.43054pt x 844.95468pt.

<pd_mgr.pdf, id=7, page=1, 597.432pt x 844.95674pt>
File: pd_mgr.pdf Graphic file (type pdf)
 <use pd_mgr.pdf, page 1>
Package pdftex.def Info: pd_mgr.pdf, page1 used on input line 89.
(pdftex.def)             Requested size: 597.43054pt x 844.95468pt.
File: pd_mgr.pdf Graphic file (type pdf)

<use pd_mgr.pdf, page 1>
Package pdftex.def Info: pd_mgr.pdf, page1 used on input line 89.
(pdftex.def)             Requested size: 597.859pt x 845.56064pt.
File: pd_mgr.pdf Graphic file (type pdf)
 <use pd_mgr.pdf, page 1>
Package pdftex.def Info: pd_mgr.pdf, page1 used on input line 89.
(pdftex.def)             Requested size: 597.859pt x 845.56064pt.
File: pd_mgr.pdf Graphic file (type pdf)
 <use pd_mgr.pdf, page 1>
Package pdftex.def Info: pd_mgr.pdf, page1 used on input line 89.
(pdftex.def)             Requested size: 597.859pt x 845.56064pt.
File: pd_mgr.pdf Graphic file (type pdf)

<use pd_mgr.pdf, page 1>
Package pdftex.def Info: pd_mgr.pdf, page1 used on input line 89.
(pdftex.def)             Requested size: 597.859pt x 845.56064pt.
 [1

 <./pd_mgr.pdf>]
LaTeX Font Info:    Font shape `T1/ptm/bx/n' in size <17.28> not available
(Font)              Font shape `T1/ptm/b/n' tried instead on input line 92.
 (dokumentacja.toc
LaTeX Font Info:    Font shape `T1/ptm/bx/n' in size <12> not available
(Font)              Font shape `T1/ptm/b/n' tried instead on input line 3.
LaTeX Font Info:    Try loading font information for OT1+ptmcm on input line 6.


("C:\Program Files\MiKTeX 2.9\tex\latex\psnfss\ot1ptmcm.fd"
File: ot1ptmcm.fd 2000/01/03 Fontinst v1.801 font definitions for OT1/ptmcm.
)
LaTeX Font Info:    Try loading font information for OML+ptmcm on input line 6.


("C:\Program Files\MiKTeX 2.9\tex\latex\psnfss\omlptmcm.fd"
File: omlptmcm.fd 2000/01/03 Fontinst v1.801 font definitions for OML/ptmcm.
)
LaTeX Font Info:    Try loading font information for OMX+psycm on input line 6.


("C:\Program Files\MiKTeX 2.9\tex\latex\psnfss\omxpsycm.fd"
File: omxpsycm.fd 2000/01/03 Fontinst v1.801 font definitions for OMX/psycm.
)
LaTeX Font Info:    Try loading font information for U+msa on input line 6.

("C:\Program Files\MiKTeX 2.9\tex\latex\amsfonts\umsa.fd"
File: umsa.fd 2013/01/14 v3.01 AMS symbols A
)
LaTeX Font Info:    Try loading font information for U+msb on input line 6.

("C:\Program Files\MiKTeX 2.9\tex\latex\amsfonts\umsb.fd"
File: umsb.fd 2013/01/14 v3.01 AMS symbols B
)
LaTeX Font Info:    Try loading font information for U+stmry on input line 6.

("C:\Program Files\MiKTeX 2.9\tex\latex\stmaryrd\ustmry.fd")
LaTeX Font Info:    Font shape `OT1/ptm/bx/n' in size <12> not available
(Font)              Font shape `OT1/ptm/b/n' tried instead on input line 6.
LaTeX Font Info:    Font shape `OT1/ptm/bx/n' in size <9> not available
(Font)              Font shape `OT1/ptm/b/n' tried instead on input line 6.
LaTeX Font Info:    Font shape `OT1/ptm/bx/n' in size <7> not available
(Font)              Font shape `OT1/ptm/b/n' tried instead on input line 6.
 [1{C:/Users/falco/AppData/Local/MiKTeX/2.9/pdftex/config/pdftex.map}])
\tf@toc=\write5
 [2] (dokumentacja.lof)
\tf@lof=\write6

[3] (dokumentacja.lol)
\tf@lol=\write7
 [4]
LaTeX Font Info:    Font shape `OMS/ptm/m/n' in size <12> not available
(Font)              Font shape `OMS/pzccm/m/n' tried instead on input line 118.

 [5] [6]
LaTeX Font Info:    Font shape `T1/ptm/bx/n' in size <14.4> not available
(Font)              Font shape `T1/ptm/b/n' tried instead on input line 163.
 [7] [8]
<system.pdf, id=68, 597.73312pt x 580.41844pt>
File: system.pdf Graphic file (type pdf)
 <use system.pdf>
Package pdftex.def Info: system.pdf used on input line 205.
(pdftex.def)             Requested size: 400.0pt x 388.4178pt.
 [9 <./system.pdf>]
Underfull \hbox (badness 10000) in paragraph at lines 224--225
[]\T1/ptm/m/n/12 Przechowywanie \T1/pcr/m/n/12 konfiguracji klienta \T1/ptm/m/n
/12 w lo-kal-nym \T1/pcr/m/n/12 pliku
 []

[10] [11] <useCase.pdf, id=93, 596.98032pt x 844.65562pt>
File: useCase.pdf Graphic file (type pdf)
 <use useCase.pdf>
Package pdftex.def Info: useCase.pdf used on input line 247.
(pdftex.def)             Requested size: 320.00122pt x 452.76915pt.

[12 <./useCase.pdf>]
LaTeX Font Info:    Font shape `T1/ptm/bx/it' in size <12> not available
(Font)              Font shape `T1/ptm/b/it' tried instead on input line 257.

Underfull \hbox (badness 10000) in paragraph at lines 255--291

 []


Underfull \hbox (badness 10000) in paragraph at lines 255--291

 []


Overfull \hbox (10.33858pt too wide) in paragraph at lines 255--291
[] 
 []

[13]
Underfull \hbox (badness 10000) in paragraph at lines 294--330

 []


Underfull \hbox (badness 10000) in paragraph at lines 294--330

 []


Overfull \hbox (10.33858pt too wide) in paragraph at lines 294--330
[] 
 []

[14]
Underfull \hbox (badness 10000) in paragraph at lines 333--360

 []


Underfull \hbox (badness 10000) in paragraph at lines 333--360

 []


Overfull \hbox (10.33858pt too wide) in paragraph at lines 333--360
[] 
 []

[15] [16] [17] [18] [19] <jee.png, id=136, 427.5975pt x 474.77374pt>
File: jee.png Graphic file (type png)

<use jee.png>
Package pdftex.def Info: jee.png used on input line 453.
(pdftex.def)             Requested size: 320.00122pt x 355.30428pt.
 [20 <./jee.png>] [21]
<jeeContainer.png, id=144, 456.70625pt x 456.70625pt>
File: jeeContainer.png Graphic file (type png)
 <use jeeContainer.png>
Package pdftex.def Info: jeeContainer.png used on input line 488.
(pdftex.def)             Requested size: 320.00122pt x 320.01274pt.

[22 <./jeeContainer.png>] [23] [24] [25] [26]
<jaxrsPipeline.png, id=162, 794.97pt x 614.295pt>
File: jaxrsPipeline.png Graphic file (type png)
 <use jaxrsPipeline.png>
Package pdftex.def Info: jaxrsPipeline.png used on input line 578.
(pdftex.def)             Requested size: 400.0pt x 309.0964pt.

[27 <./jaxrsPipeline.png>] [28] [29]
Underfull \hbox (badness 10000) in paragraph at lines 698--699
[]$\OML/ptmcm/m/it/12 h\OT1/ptmcm/m/n/12 (\OML/ptmcm/m/it/12 u; e[]; N[]\OT1/pt
mcm/m/n/12 )[]([]\OML/ptmcm/m/it/12 N[]\OT1/ptmcm/m/n/12 )$ \T1/ptm/m/n/12 to s
krót \T1/pcr/m/n/12 klucza publicznego u»ytkownika
 []


Underfull \hbox (badness 1881) in paragraph at lines 720--722
\T1/ptm/m/n/12 rów-na-nie tej war-to-±ci z $\OT1/ptmcm/m/n/12 (\OML/ptmcm/m/it/
12 h\OT1/ptmcm/m/n/12 (\OML/ptmcm/m/it/12 p\OT1/ptmcm/m/n/12 )[])[]([]\OML/ptmc
m/m/it/12 N[]\OT1/ptmcm/m/n/12 )$\T1/ptm/m/n/12 , gdzie $\OT1/ptmcm/m/n/12 (\OM
L/ptmcm/m/it/12 h\OT1/ptmcm/m/n/12 (\OML/ptmcm/m/it/12 p\OT1/ptmcm/m/n/12 )[])[
]([]\OML/ptmcm/m/it/12 N[]\OT1/ptmcm/m/n/12 )$ \T1/ptm/m/n/12 to
 []

[30]
Underfull \hbox (badness 10000) in paragraph at lines 736--737
[]\T1/pcr/m/n/12 Plik \T1/ptm/m/n/12 mo»e by¢ rów-nierz zwe-ry-fi-ko-wany bez \
T1/pcr/m/n/12 certyfikatu klucza
 []


Underfull \hbox (badness 1472) in paragraph at lines 747--748
[]\T1/ptm/m/n/12 Oblicz $\OML/ptmcm/m/it/12 N \OT1/ptmcm/m/n/12 = \OML/ptmcm/m/
it/12 p \OMS/pzccm/m/n/12  \OML/ptmcm/m/it/12 q$\T1/ptm/m/n/12 . N jest \T1/pc
r/m/n/12 moduªem klucza publicznego \T1/ptm/m/n/12 i \T1/pcr/m/n/12 klucza
 []

[31]
Underfull \hbox (badness 4556) in paragraph at lines 779--780
[]\T1/pcr/m/n/12 Centrum generowania kluczy \T1/ptm/m/n/12 wy-syªa do \T1/pcr/m
/n/12 mediatora \T1/ptm/m/n/12 wy-ge-ne-ro-wany
 []

[32] [33]
Underfull \hbox (badness 3354) in paragraph at lines 828--829
[]\T1/pcr/m/n/12 Administrator \T1/ptm/m/n/12 - po-siada on funk-cjo-nal-no±¢ u
»yt-kow-nika stan-dar-do-
 []


Underfull \hbox (badness 2435) in paragraph at lines 828--829
\T1/ptm/m/n/12 wego, a do-dad-kowo mo»-li-wo±¢ za-rz¡-dza-nia \T1/pcr/m/n/12 u»
ytkownikami \T1/ptm/m/n/12 sys-temu.
 []

[34] <classTO.png, id=192, 632.3625pt x 632.3625pt>
File: classTO.png Graphic file (type png)
 <use classTO.png>
Package pdftex.def Info: classTO.png used on input line 842.
(pdftex.def)             Requested size: 320.00122pt x 320.0015pt.
 [35 <./classTO.png (PNG copy)>] [36]
Underfull \hbox (badness 10000) in paragraph at lines 858--859

 []

<logInActivity.pdf, id=200, 596.98032pt x 844.65562pt>
File: logInActivity.pdf Graphic file (type pdf)
 <use logInActivity.pdf>
Package pdftex.def Info: logInActivity.pdf used on input line 862.
(pdftex.def)             Requested size: 320.00122pt x 452.76915pt.

[37 <./logInActivity.pdf>]
Underfull \hbox (badness 10000) in paragraph at lines 869--870

 []

<LogIn.pdf, id=219, 493.0922pt x 811.53188pt>
File: LogIn.pdf Graphic file (type pdf)
 <use LogIn.pdf>
Package pdftex.def Info: LogIn.pdf used on input line 873.
(pdftex.def)             Requested size: 279.99878pt x 460.84436pt.
 [38 <./LogIn.pdf>]
Underfull \hbox (badness 4779) in paragraph at lines 882--883
\T1/pcr/m/n/12 U»ytkownik \T1/ptm/m/n/12 ma mo»-li-wo±¢ wy-sy-ªa-nia wia-do-mo-
±ci tek-sto-wych do in-nych
 []

[39]
Underfull \hbox (badness 10000) in paragraph at lines 886--887

 []

<sendMessageActivity.pdf, id=252, 596.98032pt x 844.65562pt>
File: sendMessageActivity.pdf Graphic file (type pdf)

<use sendMessageActivity.pdf>
Package pdftex.def Info: sendMessageActivity.pdf used on input line 890.
(pdftex.def)             Requested size: 320.00122pt x 452.76915pt.
 [40 <./sendMessageActivity.pdf>]
Underfull \hbox (badness 10000) in paragraph at lines 897--898

 []

<sendMessage.pdf, id=271, 575.90157pt x 809.27344pt>
File: sendMessage.pdf Graphic file (type pdf)
 <use sendMessage.pdf>
Package pdftex.def Info: sendMessage.pdf used on input line 901.
(pdftex.def)             Requested size: 279.99878pt x 393.47269pt.

[41 <./sendMessage.pdf>] [42]
Underfull \hbox (badness 10000) in paragraph at lines 914--915

 []

<reciveMessageActivity.pdf, id=305, 596.98032pt x 844.65562pt>
File: reciveMessageActivity.pdf Graphic file (type pdf)

<use reciveMessageActivity.pdf>
Package pdftex.def Info: reciveMessageActivity.pdf used on input line 918.
(pdftex.def)             Requested size: 279.99878pt x 396.16335pt.
 [43 <./reciveMessageActivity.pdf>]
Underfull \hbox (badness 10000) in paragraph at lines 925--926

 []

<reciveMessage.pdf, id=324, 596.98032pt x 844.65562pt>
File: reciveMessage.pdf Graphic file (type pdf)
 <use reciveMessage.pdf>
Package pdftex.def Info: reciveMessage.pdf used on input line 929.
(pdftex.def)             Requested size: 279.99878pt x 396.16335pt.

[44 <./reciveMessage.pdf>]
Underfull \hbox (badness 2846) in paragraph at lines 938--939
\T1/ptm/m/n/12 do \T1/pcr/m/n/12 serwera dost¦powego\T1/ptm/m/n/12 . Ser-wer na
 pod-sta-wie wcze-±niej wy-ge-ne-ro-wa-
 []

[45]
Underfull \hbox (badness 10000) in paragraph at lines 942--943

 []

<generateKeyActivity.pdf, id=357, 596.98032pt x 844.65562pt>
File: generateKeyActivity.pdf Graphic file (type pdf)

<use generateKeyActivity.pdf>
Package pdftex.def Info: generateKeyActivity.pdf used on input line 946.
(pdftex.def)             Requested size: 320.00122pt x 452.76915pt.
 [46 <./generateKeyActivity.pdf>]
Underfull \hbox (badness 10000) in paragraph at lines 953--954

 []

<generateKey.pdf, id=376, 551.05875pt x 808.52063pt>
File: generateKey.pdf Graphic file (type pdf)
 <use generateKey.pdf>
Package pdftex.def Info: generateKey.pdf used on input line 957.
(pdftex.def)             Requested size: 279.99878pt x 410.83495pt.

[47 <./generateKey.pdf>] [48]
Underfull \hbox (badness 10000) in paragraph at lines 970--971

 []

<signFileActivity.pdf, id=410, 596.98032pt x 844.65562pt>
File: signFileActivity.pdf Graphic file (type pdf)

<use signFileActivity.pdf>
Package pdftex.def Info: signFileActivity.pdf used on input line 974.
(pdftex.def)             Requested size: 320.00122pt x 452.76915pt.
 [49 <./signFileActivity.pdf>]
Underfull \hbox (badness 10000) in paragraph at lines 981--982

 []

<signFile.pdf, id=429, 596.98032pt x 844.65562pt>
File: signFile.pdf Graphic file (type pdf)
 <use signFile.pdf>
Package pdftex.def Info: signFile.pdf used on input line 985.
(pdftex.def)             Requested size: 279.99878pt x 396.16335pt.
 [50 <./signFile.pdf>]
Underfull \hbox (badness 1137) in paragraph at lines 994--995
\T1/ptm/m/n/12 na-st¦p-nie na-le»y wczy-ta¢ \T1/pcr/m/n/12 podpis \T1/ptm/m/n/1
2 pliku oraz \T1/pcr/m/n/12 klucz publiczny \T1/ptm/m/n/12 na-le-»¡cy do
 []

[51] <registrationServer.pdf, id=462, 604.50844pt x 823.57687pt>
File: registrationServer.pdf Graphic file (type pdf)

<use registrationServer.pdf>
Package pdftex.def Info: registrationServer.pdf used on input line 1005.
(pdftex.def)             Requested size: 320.00122pt x 435.96587pt.
 [52 <./registrationServer.pdf>]
<classRegistration.png, id=481, 774.895pt x 533.995pt>
File: classRegistration.png Graphic file (type png)

<use classRegistration.png>
Package pdftex.def Info: classRegistration.png used on input line 1016.
(pdftex.def)             Requested size: 359.99756pt x 248.08511pt.
 [53 <./classRegistration.png (PNG copy)>]
<classRegistrationFull.png, id=485, 726.715pt x 858.20625pt>
File: classRegistrationFull.png Graphic file (type png)

<use classRegistrationFull.png>
Package pdftex.def Info: classRegistrationFull.png used on input line 1025.
(pdftex.def)             Requested size: 359.99756pt x 425.14734pt.
 [54 <./classRegistrationFull.png (PNG copy)>]
<mediator.pdf, id=490, 577.40718pt x 809.27344pt>
File: mediator.pdf Graphic file (type pdf)
 <use mediator.pdf>
Package pdftex.def Info: mediator.pdf used on input line 1042.
(pdftex.def)             Requested size: 320.00122pt x 448.52231pt.
 [55 <./mediator.pdf>] <classMediator.png, id=509, 640.3925pt x 625.33624pt>
File: classMediator.png Graphic file (type png)

<use classMediator.png>
Package pdftex.def Info: classMediator.png used on input line 1053.
(pdftex.def)             Requested size: 359.99756pt x 351.54085pt.
 [56 <./classMediator.png (PNG copy)>]
<client.pdf, id=513, 575.14874pt x 750.55406pt>
File: client.pdf Graphic file (type pdf)
 <use client.pdf>
Package pdftex.def Info: client.pdf used on input line 1066.
(pdftex.def)             Requested size: 320.00122pt x 417.60461pt.
 [57 <./client.pdf>] <classClient.png, id=532, 755.82375pt x 501.875pt>
File: classClient.png Graphic file (type png)
 <use classClient.png>
Package pdftex.def Info: classClient.png used on input line 1077.
(pdftex.def)             Requested size: 359.99756pt x 239.04402pt.

[58 <./classClient.png (PNG copy)>]
<classClientFULL.png, id=536, 769.87625pt x 936.49875pt>
File: classClientFULL.png Graphic file (type png)

<use classClientFULL.png>
Package pdftex.def Info: classClientFULL.png used on input line 1086.
(pdftex.def)             Requested size: 320.00122pt x 389.2685pt.
 [59 <./classClientFULL.png (PNG copy)>]
Underfull \hbox (badness 10000) in paragraph at lines 1104--1105
[]\T1/pcr/m/n/12 registration-server \T1/ptm/m/n/12 -- pro-jekt za-wie-ra-j¡cy 
apli-ka-cj¦ \T1/pcr/m/n/12 serwera
 []

[60] ("C:\Program Files\MiKTeX 2.9\tex\latex\listings\lstlang1.sty"
File: lstlang1.sty 2015/06/04 1.6 listings language file
)
("C:\Program Files\MiKTeX 2.9\tex\latex\listings\lstmisc.sty"
File: lstmisc.sty 2015/06/04 1.6 (Carsten Heinz)
)
LaTeX Font Info:    Font shape `T1/pcr/bx/n' in size <8> not available
(Font)              Font shape `T1/pcr/b/n' tried instead on input line 1141.
 [61]
("C:\Program Files\MiKTeX 2.9\tex\latex\listings\lstlang1.sty"
File: lstlang1.sty 2015/06/04 1.6 listings language file
) [62] [63]
[64] <testEnviroment.pdf, id=557, 478.03593pt x 610.53094pt>
File: testEnviroment.pdf Graphic file (type pdf)

<use testEnviroment.pdf>
Package pdftex.def Info: testEnviroment.pdf used on input line 1289.
(pdftex.def)             Requested size: 279.99878pt x 357.60167pt.
 [65 <./testEnviroment.pdf>]
<prodEnviroment.pdf, id=579, 496.85625pt x 361.35pt>
File: prodEnviroment.pdf Graphic file (type pdf)
 <use prodEnviroment.pdf>
Package pdftex.def Info: prodEnviroment.pdf used on input line 1306.
(pdftex.def)             Requested size: 279.99878pt x 203.63933pt.

[66 <./prodEnviroment.pdf>]
("C:\Program Files\MiKTeX 2.9\tex\latex\listings\lstlang1.sty"
File: lstlang1.sty 2015/06/04 1.6 listings language file
)
LaTeX Font Info:    Font shape `T1/pcr/m/it' in size <8> not available
(Font)              Font shape `T1/pcr/m/sl' tried instead on input line 1318.

("C:\Program Files\MiKTeX 2.9\tex\latex\listings\lstlang1.sty"
File: lstlang1.sty 2015/06/04 1.6 listings language file
)
("C:\Program Files\MiKTeX 2.9\tex\latex\listings\lstlang1.sty"
File: lstlang1.sty 2015/06/04 1.6 listings language file
) [67]
Underfull \hbox (badness 1184) in paragraph at lines 1374--1376
\T1/ptm/m/n/12 jest me-toda, która jako pa-ra-me-try do-staje \T1/pcr/m/n/12 kl
ucz serwisoy\T1/ptm/m/n/12 , dªu-go±¢ bi-tow¡
 []


Underfull \hbox (badness 1057) in paragraph at lines 1374--1376
\T1/ptm/m/n/12 wy-ge-ne-ro-wa-nego na po-cz¡tku odej-mo-wany jest mo-dulo \T1/p
cr/m/n/12 fi klucz prywatny
 []


Underfull \hbox (badness 10000) in paragraph at lines 1374--1376

 []

[68] [69]
Underfull \hbox (badness 10000) in paragraph at lines 1463--1465

 []

[70] [71] [72] <wrongPassword.png, id=715, 246.1697pt x 115.18031pt>
File: wrongPassword.png Graphic file (type png)

<use wrongPassword.png>
Package pdftex.def Info: wrongPassword.png used on input line 1600.
(pdftex.def)             Requested size: 359.99756pt x 168.44653pt.

Underfull \hbox (badness 3690) in paragraph at lines 1605--1606
[]\T1/ptm/m/n/12 Po po-praw-nej au-to-ry-za-cji apli-ka-cja \T1/pcr/m/n/12 klie
nt \T1/ptm/m/n/12 wy-±wie-tala okno z \T1/pcr/m/n/12 list¡
 []

[73 <./wrongPassword.png>]
<messangerTest.png, id=719, 413.29407pt x 573.64313pt>
File: messangerTest.png Graphic file (type png)
 <use messangerTest.png>
Package pdftex.def Info: messangerTest.png used on input line 1611.
(pdftex.def)             Requested size: 279.99878pt x 388.63666pt.

[74 <./messangerTest.png>]
<signatureTest.png, id=725, 614.295pt x 572.89032pt>
File: signatureTest.png Graphic file (type png)
 <use signatureTest.png>
Package pdftex.def Info: signatureTest.png used on input line 1626.
(pdftex.def)             Requested size: 279.99878pt x 261.1288pt.

[75 <./signatureTest.png>]
LaTeX Font Info:    Font shape `OT1/ptm/bx/n' in size <8> not available
(Font)              Font shape `OT1/ptm/b/n' tried instead on input line 1703.
LaTeX Font Info:    Font shape `OT1/ptm/bx/n' in size <6> not available
(Font)              Font shape `OT1/ptm/b/n' tried instead on input line 1703.
LaTeX Font Info:    Font shape `OT1/ptm/bx/n' in size <5> not available
(Font)              Font shape `OT1/ptm/b/n' tried instead on input line 1703.
 [76] [77] [78] [79] [80]
<wrongPasswordKey.png, id=746, 304.88907pt x 520.94624pt>
File: wrongPasswordKey.png Graphic file (type png)

<use wrongPasswordKey.png>
Package pdftex.def Info: wrongPasswordKey.png used on input line 1881.
(pdftex.def)             Requested size: 320.00122pt x 546.78714pt.
 [81 <./wrongPasswordKey.png>] [82]
Underfull \hbox (badness 1648) in paragraph at lines 1908--1909
[]\T1/ptm/m/n/12 Bernd Bru-egge, Al-len H. Du-toit. |   []   |   []   |   []   
|   []
 []


Underfull \hbox (badness 1968) in paragraph at lines 1910--1911
[]\T1/ptm/m/n/12 William Stal-lings. |   []   |   []   |   []   |   []   |   []

 []

[83] [84] (dokumentacja.aux) )
(\end occurred inside a group at level 1)

### simple group (level 1) entered at line 1061 ({)
### bottom level 
Here is how much of TeX's memory you used:
 29847 strings out of 493673
 682054 string characters out of 3143960
 1049743 words of memory out of 3000000
 32595 multiletter control sequences out of 15000+200000
 65702 words of font info for 118 fonts, out of 3000000 for 9000
 1025 hyphenation exceptions out of 8191
 62i,19n,84p,2023b,4061s stack positions out of 5000i,500n,10000p,200000b,50000s
{C:/Program Files/MiKTeX 2.9/fonts/enc/dvips/fontname/8r.enc}<C
:/Program Files/MiKTeX 2.9/fonts/type1/public/amsfonts/cm/cmmi10.pfb><C:/Progra
m Files/MiKTeX 2.9/fonts/type1/public/amsfonts/cm/cmr10.pfb><C:/Program Files/M
iKTeX 2.9/fonts/type1/public/amsfonts/cm/cmsy10.pfb><C:/Program Files/MiKTeX 2.
9/fonts/type1/urw/courier/ucrb8a.pfb><C:/Program Files/MiKTeX 2.9/fonts/type1/u
rw/courier/ucrr8a.pfb><C:/Program Files/MiKTeX 2.9/fonts/type1/urw/courier/ucrr
o8a.pfb><C:/Program Files/MiKTeX 2.9/fonts/type1/urw/symbol/usyr.pfb><C:/Progra
m Files/MiKTeX 2.9/fonts/type1/urw/times/utmb8a.pfb><C:/Program Files/MiKTeX 2.
9/fonts/type1/urw/times/utmbi8a.pfb><C:/Program Files/MiKTeX 2.9/fonts/type1/ur
w/times/utmr8a.pfb><C:/Program Files/MiKTeX 2.9/fonts/type1/urw/times/utmr8a.pf
b><C:/Program Files/MiKTeX 2.9/fonts/type1/urw/times/utmri8a.pfb>
Output written on dokumentacja.pdf (85 pages, 3322062 bytes).
PDF statistics:
 802 PDF objects out of 1000 (max. 8388607)
 0 named destinations out of 1000 (max. 500000)
 183 words of extra memory for PDF output out of 10000 (max. 10000000)

